14:07:11 INFO  org.jan.ChallengeMeApplication - Starting ChallengeMeApplication using Java 21.0.3 with PID 24336 (C:\Users\mares\IdeaProjects\ChallengeMe\target\classes started by mares in C:\Users\mares\IdeaProjects\ChallengeMe)
14:07:11 INFO  org.jan.ChallengeMeApplication - No active profile set, falling back to 1 default profile: "default"
14:07:12 INFO  o.s.d.r.c.RepositoryConfigurationDelegate - Bootstrapping Spring Data JPA repositories in DEFAULT mode.
14:07:12 INFO  o.s.d.r.c.RepositoryConfigurationDelegate - Finished Spring Data repository scanning in 47 ms. Found 6 JPA repository interfaces.
14:07:13 INFO  o.s.b.w.e.tomcat.TomcatWebServer - Tomcat initialized with port 8080 (http)
14:07:13 INFO  o.a.coyote.http11.Http11NioProtocol - Initializing ProtocolHandler ["http-nio-8080"]
14:07:13 INFO  o.a.catalina.core.StandardService - Starting service [Tomcat]
14:07:13 INFO  o.a.catalina.core.StandardEngine - Starting Servlet engine: [Apache Tomcat/10.1.16]
14:07:13 INFO  o.a.c.c.C.[Tomcat].[localhost].[/] - Initializing Spring embedded WebApplicationContext
14:07:13 INFO  o.s.b.w.s.c.ServletWebServerApplicationContext - Root WebApplicationContext: initialization completed in 1483 ms
14:07:13 INFO  com.zaxxer.hikari.HikariDataSource - HikariPool-1 - Starting...
14:07:13 INFO  com.zaxxer.hikari.pool.HikariPool - HikariPool-1 - Added connection conn0: url=jdbc:h2:mem:testdb user=SA
14:07:13 INFO  com.zaxxer.hikari.HikariDataSource - HikariPool-1 - Start completed.
14:07:13 INFO  o.s.b.a.h.H2ConsoleAutoConfiguration - H2 console available at '/h2-console'. Database available at 'jdbc:h2:mem:testdb'
14:07:13 DEBUG o.s.w.f.ServerHttpObservationFilter - Filter 'webMvcObservationFilter' configured for use
14:07:13 INFO  o.h.jpa.internal.util.LogHelper - HHH000204: Processing PersistenceUnitInfo [name: default]
14:07:13 INFO  org.hibernate.Version - HHH000412: Hibernate ORM core version 6.3.1.Final
14:07:13 INFO  o.h.c.i.RegionFactoryInitiator - HHH000026: Second-level cache disabled
14:07:14 INFO  o.s.o.j.p.SpringPersistenceUnitInfo - No LoadTimeWeaver setup: ignoring JPA class transformer
14:07:14 INFO  o.h.e.t.j.p.i.JtaPlatformInitiator - HHH000489: No JTA platform available (set 'hibernate.transaction.jta.platform' to enable JTA platform integration)
14:07:14 INFO  o.s.o.j.LocalContainerEntityManagerFactoryBean - Initialized JPA EntityManagerFactory for persistence unit 'default'
14:07:15 INFO  o.s.d.j.r.query.QueryEnhancerFactory - Hibernate is in classpath; If applicable, HQL parser will be used.
14:07:15 WARN  o.s.b.a.o.j.JpaBaseConfiguration$JpaWebConfiguration - spring.jpa.open-in-view is enabled by default. Therefore, database queries may be performed during view rendering. Explicitly configure spring.jpa.open-in-view to disable this warning
14:07:15 WARN  o.s.b.a.s.s.UserDetailsServiceAutoConfiguration - 

Using generated security password: 0d1de6e8-e75e-4c05-9ccb-4cb6f0e5112f

This generated password is for development use only. Your security configuration must be updated before running your application in production.

14:07:15 DEBUG o.s.w.s.s.s.WebSocketHandlerMapping - Patterns [/ws] in 'stompWebSocketHandlerMapping'
14:07:16 DEBUG o.s.w.s.m.m.a.RequestMappingHandlerMapping - 34 mappings in 'requestMappingHandlerMapping'
14:07:16 DEBUG o.s.w.s.h.SimpleUrlHandlerMapping - Patterns [/webjars/**, /**] in 'resourceHandlerMapping'
14:07:16 INFO  o.s.b.a.e.web.EndpointLinksResolver - Exposing 1 endpoint(s) beneath base path '/actuator'
14:07:16 INFO  o.s.s.web.DefaultSecurityFilterChain - Will secure any request with [org.springframework.security.web.session.DisableEncodeUrlFilter@807bfd3, org.springframework.security.web.context.request.async.WebAsyncManagerIntegrationFilter@e74903f, org.springframework.security.web.context.SecurityContextHolderFilter@52f3859a, org.springframework.security.web.header.HeaderWriterFilter@9628240, org.springframework.web.filter.CorsFilter@3ea14a58, org.springframework.security.web.authentication.logout.LogoutFilter@1ca49d7c, org.jan.config.SessionAuthFilter@6ea3a513, org.springframework.security.web.savedrequest.RequestCacheAwareFilter@6fe8e276, org.springframework.security.web.servletapi.SecurityContextHolderAwareRequestFilter@aa8f19d, org.springframework.security.web.authentication.AnonymousAuthenticationFilter@a3cd3ff, org.springframework.security.web.access.ExceptionTranslationFilter@5d5cd0cf, org.springframework.security.web.access.intercept.AuthorizationFilter@38aca984]
14:07:16 DEBUG o.s.w.s.m.WebSocketAnnotationMethodMessageHandler - 
	o.j.c.ChatController:
	
14:07:16 DEBUG o.s.w.s.m.WebSocketAnnotationMethodMessageHandler - 
	o.j.c.ChatWebSocketController:
	{[MESSAGE],[/api/chat.send]}: sendMessage(ChatMessage,Principal)
14:07:16 DEBUG o.s.w.s.m.WebSocketAnnotationMethodMessageHandler - 
	o.j.f.FriendController:
	
14:07:16 DEBUG o.s.w.s.m.WebSocketAnnotationMethodMessageHandler - 
	o.j.g.GameController:
	
14:07:16 DEBUG o.s.w.s.m.WebSocketAnnotationMethodMessageHandler - 
	o.j.g.GameEventController:
	
14:07:16 DEBUG o.s.w.s.m.WebSocketAnnotationMethodMessageHandler - 
	o.j.r.AdminController:
	
14:07:16 DEBUG o.s.w.s.m.WebSocketAnnotationMethodMessageHandler - 
	o.j.r.ReportController:
	
14:07:16 DEBUG o.s.w.s.m.WebSocketAnnotationMethodMessageHandler - 
	o.j.u.AuthController:
	
14:07:16 DEBUG o.s.w.s.m.WebSocketAnnotationMethodMessageHandler - 
	o.j.u.PlayerController:
	
14:07:16 DEBUG o.s.w.s.m.WebSocketAnnotationMethodMessageHandler - 
	o.s.b.a.w.s.e.BasicErrorController:
	
14:07:16 DEBUG o.s.w.s.m.m.a.RequestMappingHandlerAdapter - ControllerAdvice beans: 0 @ModelAttribute, 0 @InitBinder, 1 RequestBodyAdvice, 1 ResponseBodyAdvice
14:07:16 DEBUG o.s.w.s.m.m.a.ExceptionHandlerExceptionResolver - ControllerAdvice beans: 0 @ExceptionHandler, 1 ResponseBodyAdvice
14:07:16 INFO  o.a.coyote.http11.Http11NioProtocol - Starting ProtocolHandler ["http-nio-8080"]
14:07:16 INFO  o.s.b.w.e.tomcat.TomcatWebServer - Tomcat started on port 8080 (http) with context path ''
14:07:16 DEBUG org.springframework.web.SimpLogging - clientOutboundChannel added SubProtocolWebSocketHandler[StompSubProtocolHandler[v10.stomp, v11.stomp, v12.stomp]]
14:07:16 DEBUG org.springframework.web.SimpLogging - clientInboundChannel added WebSocketAnnotationMethodMessageHandler[prefixes=[/app/]]
14:07:16 INFO  o.s.m.s.b.SimpleBrokerMessageHandler - Starting...
14:07:16 DEBUG org.springframework.web.SimpLogging - clientInboundChannel added SimpleBrokerMessageHandler [org.springframework.messaging.simp.broker.DefaultSubscriptionRegistry@668d6dc7]
14:07:16 DEBUG org.springframework.web.SimpLogging - brokerChannel added SimpleBrokerMessageHandler [org.springframework.messaging.simp.broker.DefaultSubscriptionRegistry@668d6dc7]
14:07:16 INFO  o.s.m.s.b.SimpleBrokerMessageHandler - BrokerAvailabilityEvent[available=true, SimpleBrokerMessageHandler [org.springframework.messaging.simp.broker.DefaultSubscriptionRegistry@668d6dc7]]
14:07:16 INFO  o.s.m.s.b.SimpleBrokerMessageHandler - Started.
14:07:16 DEBUG org.springframework.web.SimpLogging - clientInboundChannel added UserDestinationMessageHandler[DefaultUserDestinationResolver[prefix=/user/]]
14:07:16 DEBUG org.springframework.web.SimpLogging - brokerChannel added UserDestinationMessageHandler[DefaultUserDestinationResolver[prefix=/user/]]
14:07:16 INFO  org.jan.ChallengeMeApplication - Started ChallengeMeApplication in 5.187 seconds (process running for 5.729)
14:07:17 INFO  o.a.c.c.C.[Tomcat].[localhost].[/] - Initializing Spring DispatcherServlet 'dispatcherServlet'
14:07:17 INFO  o.s.web.servlet.DispatcherServlet - Initializing Servlet 'dispatcherServlet'
14:07:17 DEBUG o.s.web.servlet.DispatcherServlet - Detected StandardServletMultipartResolver
14:07:17 DEBUG o.s.web.servlet.DispatcherServlet - Detected AcceptHeaderLocaleResolver
14:07:17 DEBUG o.s.web.servlet.DispatcherServlet - Detected FixedThemeResolver
14:07:17 DEBUG o.s.web.servlet.DispatcherServlet - Detected org.springframework.web.servlet.view.DefaultRequestToViewNameTranslator@2ddc5c07
14:07:17 DEBUG o.s.web.servlet.DispatcherServlet - Detected org.springframework.web.servlet.support.SessionFlashMapManager@454be9f6
14:07:17 DEBUG o.s.web.servlet.DispatcherServlet - enableLoggingRequestDetails='false': request parameters and headers will be masked to prevent unsafe logging of potentially sensitive data
14:07:17 INFO  o.s.web.servlet.DispatcherServlet - Completed initialization in 2 ms
14:07:28 WARN  o.s.w.s.h.HandlerMappingIntrospector - Cache miss for REQUEST dispatch to '/api/games' (previous null). Performing CorsConfiguration lookup. This is logged once only at WARN level, and every time at TRACE.
14:07:28 WARN  o.s.w.s.h.HandlerMappingIntrospector - Cache miss for REQUEST dispatch to '/api/games' (previous null). Performing MatchableHandlerMapping lookup. This is logged once only at WARN level, and every time at TRACE.
14:07:28 DEBUG o.s.web.servlet.DispatcherServlet - GET "/api/games", parameters={}
14:07:28 DEBUG o.s.w.s.m.m.a.RequestMappingHandlerMapping - Mapped to org.jan.game.GameController#getAll()
14:07:28 DEBUG o.s.w.s.m.m.a.HttpEntityMethodProcessor - Using 'application/json', given [application/json, text/plain, */*] and supported [application/json, application/*+json]
14:07:28 DEBUG o.s.w.s.m.m.a.HttpEntityMethodProcessor - Writing [[GameDto(id=1, key=TIC_TAC_TOE, icon=❌⭕, nameCs=Piškvorky 3×3, nameEn=Tic-Tac-Toe, taglineCs=Klasick (truncated)...]
14:07:28 DEBUG o.s.web.servlet.DispatcherServlet - Completed 200 OK
14:07:28 DEBUG o.s.web.servlet.DispatcherServlet - GET "/api/events/public", parameters={}
14:07:28 DEBUG o.s.w.s.m.m.a.RequestMappingHandlerMapping - Mapped to org.jan.game.GameEventController#getPublicEvents()
14:07:28 DEBUG o.s.w.s.m.m.a.HttpEntityMethodProcessor - Using 'application/json', given [application/json, text/plain, */*] and supported [application/json, application/*+json]
14:07:28 DEBUG o.s.w.s.m.m.a.HttpEntityMethodProcessor - Writing [[]]
14:07:28 DEBUG o.s.web.servlet.DispatcherServlet - Completed 200 OK
14:07:35 DEBUG o.s.web.cors.DefaultCorsProcessor - Reject: 'http://localhost:5173' origin is not allowed
14:07:37 DEBUG o.s.web.cors.DefaultCorsProcessor - Reject: 'http://localhost:5173' origin is not allowed
14:07:38 DEBUG o.s.web.cors.DefaultCorsProcessor - Reject: 'http://localhost:5173' origin is not allowed
14:07:38 DEBUG o.s.web.cors.DefaultCorsProcessor - Reject: 'http://localhost:5173' origin is not allowed
14:07:38 DEBUG o.s.web.cors.DefaultCorsProcessor - Reject: 'http://localhost:5173' origin is not allowed
14:07:38 DEBUG o.s.web.cors.DefaultCorsProcessor - Reject: 'http://localhost:5173' origin is not allowed
14:08:16 INFO  o.s.w.s.c.WebSocketMessageBrokerStats - WebSocketSession[0 current WS(0)-HttpStream(0)-HttpPoll(0), 0 total, 0 closed abnormally (0 connect failure, 0 send limit, 0 transport error)], stompSubProtocol[processed CONNECT(0)-CONNECTED(0)-DISCONNECT(0)], stompBrokerRelay[null], inboundChannel[pool size = 0, active threads = 0, queued tasks = 0, completed tasks = 0], outboundChannel[pool size = 0, active threads = 0, queued tasks = 0, completed tasks = 0], sockJsScheduler[pool size = 1, active threads = 1, queued tasks = 0, completed tasks = 0]
14:09:55 DEBUG org.springframework.web.SimpLogging - clientOutboundChannel removed SubProtocolWebSocketHandler[StompSubProtocolHandler[v10.stomp, v11.stomp, v12.stomp]]
14:09:55 DEBUG org.springframework.web.SimpLogging - clientInboundChannel removed WebSocketAnnotationMethodMessageHandler[prefixes=[/app/]]
14:09:55 INFO  o.s.m.s.b.SimpleBrokerMessageHandler - Stopping...
14:09:55 INFO  o.s.m.s.b.SimpleBrokerMessageHandler - BrokerAvailabilityEvent[available=false, SimpleBrokerMessageHandler [org.springframework.messaging.simp.broker.DefaultSubscriptionRegistry@668d6dc7]]
14:09:55 DEBUG org.springframework.web.SimpLogging - clientInboundChannel removed SimpleBrokerMessageHandler [org.springframework.messaging.simp.broker.DefaultSubscriptionRegistry@668d6dc7]
14:09:55 DEBUG org.springframework.web.SimpLogging - brokerChannel removed SimpleBrokerMessageHandler [org.springframework.messaging.simp.broker.DefaultSubscriptionRegistry@668d6dc7]
14:09:55 INFO  o.s.m.s.b.SimpleBrokerMessageHandler - Stopped.
14:09:55 DEBUG org.springframework.web.SimpLogging - clientInboundChannel removed UserDestinationMessageHandler[DefaultUserDestinationResolver[prefix=/user/]]
14:09:55 DEBUG org.springframework.web.SimpLogging - brokerChannel removed UserDestinationMessageHandler[DefaultUserDestinationResolver[prefix=/user/]]
14:09:55 INFO  o.s.o.j.LocalContainerEntityManagerFactoryBean - Closing JPA EntityManagerFactory for persistence unit 'default'
14:09:55 INFO  com.zaxxer.hikari.HikariDataSource - HikariPool-1 - Shutdown initiated...
14:09:55 INFO  com.zaxxer.hikari.HikariDataSource - HikariPool-1 - Shutdown completed.
14:09:57 INFO  org.jan.ChallengeMeApplication - Starting ChallengeMeApplication using Java 21.0.3 with PID 22188 (C:\Users\mares\IdeaProjects\ChallengeMe\target\classes started by mares in C:\Users\mares\IdeaProjects\ChallengeMe)
14:09:57 INFO  org.jan.ChallengeMeApplication - No active profile set, falling back to 1 default profile: "default"
14:09:58 INFO  o.s.d.r.c.RepositoryConfigurationDelegate - Bootstrapping Spring Data JPA repositories in DEFAULT mode.
14:09:58 INFO  o.s.d.r.c.RepositoryConfigurationDelegate - Finished Spring Data repository scanning in 37 ms. Found 6 JPA repository interfaces.
14:09:58 INFO  o.s.b.w.e.tomcat.TomcatWebServer - Tomcat initialized with port 8080 (http)
14:09:58 INFO  o.a.coyote.http11.Http11NioProtocol - Initializing ProtocolHandler ["http-nio-8080"]
14:09:58 INFO  o.a.catalina.core.StandardService - Starting service [Tomcat]
14:09:58 INFO  o.a.catalina.core.StandardEngine - Starting Servlet engine: [Apache Tomcat/10.1.16]
14:09:58 INFO  o.a.c.c.C.[Tomcat].[localhost].[/] - Initializing Spring embedded WebApplicationContext
14:09:58 INFO  o.s.b.w.s.c.ServletWebServerApplicationContext - Root WebApplicationContext: initialization completed in 1208 ms
14:09:59 INFO  com.zaxxer.hikari.HikariDataSource - HikariPool-1 - Starting...
14:09:59 INFO  com.zaxxer.hikari.pool.HikariPool - HikariPool-1 - Added connection conn0: url=jdbc:h2:mem:testdb user=SA
14:09:59 INFO  com.zaxxer.hikari.HikariDataSource - HikariPool-1 - Start completed.
14:09:59 INFO  o.s.b.a.h.H2ConsoleAutoConfiguration - H2 console available at '/h2-console'. Database available at 'jdbc:h2:mem:testdb'
14:09:59 DEBUG o.s.w.f.ServerHttpObservationFilter - Filter 'webMvcObservationFilter' configured for use
14:09:59 INFO  o.h.jpa.internal.util.LogHelper - HHH000204: Processing PersistenceUnitInfo [name: default]
14:09:59 INFO  org.hibernate.Version - HHH000412: Hibernate ORM core version 6.3.1.Final
14:09:59 INFO  o.h.c.i.RegionFactoryInitiator - HHH000026: Second-level cache disabled
14:09:59 INFO  o.s.o.j.p.SpringPersistenceUnitInfo - No LoadTimeWeaver setup: ignoring JPA class transformer
14:10:00 INFO  o.h.e.t.j.p.i.JtaPlatformInitiator - HHH000489: No JTA platform available (set 'hibernate.transaction.jta.platform' to enable JTA platform integration)
14:10:00 INFO  o.s.o.j.LocalContainerEntityManagerFactoryBean - Initialized JPA EntityManagerFactory for persistence unit 'default'
14:10:00 INFO  o.s.d.j.r.query.QueryEnhancerFactory - Hibernate is in classpath; If applicable, HQL parser will be used.
14:10:01 WARN  o.s.b.a.o.j.JpaBaseConfiguration$JpaWebConfiguration - spring.jpa.open-in-view is enabled by default. Therefore, database queries may be performed during view rendering. Explicitly configure spring.jpa.open-in-view to disable this warning
14:10:01 WARN  o.s.b.a.s.s.UserDetailsServiceAutoConfiguration - 

Using generated security password: 1ab18b2b-88f5-43de-8265-ca62d7d357fe

This generated password is for development use only. Your security configuration must be updated before running your application in production.

14:10:01 DEBUG o.s.w.s.s.s.WebSocketHandlerMapping - Patterns [/ws] in 'stompWebSocketHandlerMapping'
14:10:01 DEBUG o.s.w.s.m.m.a.RequestMappingHandlerMapping - 34 mappings in 'requestMappingHandlerMapping'
14:10:01 DEBUG o.s.w.s.h.SimpleUrlHandlerMapping - Patterns [/webjars/**, /**] in 'resourceHandlerMapping'
14:10:01 INFO  o.s.b.a.e.web.EndpointLinksResolver - Exposing 1 endpoint(s) beneath base path '/actuator'
14:10:01 INFO  o.s.s.web.DefaultSecurityFilterChain - Will secure any request with [org.springframework.security.web.session.DisableEncodeUrlFilter@4b8c6a2f, org.springframework.security.web.context.request.async.WebAsyncManagerIntegrationFilter@12f3e95d, org.springframework.security.web.context.SecurityContextHolderFilter@335f5370, org.springframework.security.web.header.HeaderWriterFilter@4c4da7ec, org.springframework.web.filter.CorsFilter@70595d2a, org.springframework.security.web.authentication.logout.LogoutFilter@1ecf9602, org.jan.config.SessionAuthFilter@55638165, org.springframework.security.web.savedrequest.RequestCacheAwareFilter@43ff006a, org.springframework.security.web.servletapi.SecurityContextHolderAwareRequestFilter@52997ccc, org.springframework.security.web.authentication.AnonymousAuthenticationFilter@6a41ed18, org.springframework.security.web.access.ExceptionTranslationFilter@242b48ef, org.springframework.security.web.access.intercept.AuthorizationFilter@c2b7028]
14:10:01 DEBUG o.s.w.s.m.WebSocketAnnotationMethodMessageHandler - 
	o.j.c.ChatController:
	
14:10:01 DEBUG o.s.w.s.m.WebSocketAnnotationMethodMessageHandler - 
	o.j.c.ChatWebSocketController:
	{[MESSAGE],[/api/chat.send]}: sendMessage(ChatMessage,Principal)
14:10:01 DEBUG o.s.w.s.m.WebSocketAnnotationMethodMessageHandler - 
	o.j.f.FriendController:
	
14:10:01 DEBUG o.s.w.s.m.WebSocketAnnotationMethodMessageHandler - 
	o.j.g.GameController:
	
14:10:01 DEBUG o.s.w.s.m.WebSocketAnnotationMethodMessageHandler - 
	o.j.g.GameEventController:
	
14:10:01 DEBUG o.s.w.s.m.WebSocketAnnotationMethodMessageHandler - 
	o.j.r.AdminController:
	
14:10:01 DEBUG o.s.w.s.m.WebSocketAnnotationMethodMessageHandler - 
	o.j.r.ReportController:
	
14:10:01 DEBUG o.s.w.s.m.WebSocketAnnotationMethodMessageHandler - 
	o.j.u.AuthController:
	
14:10:01 DEBUG o.s.w.s.m.WebSocketAnnotationMethodMessageHandler - 
	o.j.u.PlayerController:
	
14:10:01 DEBUG o.s.w.s.m.WebSocketAnnotationMethodMessageHandler - 
	o.s.b.a.w.s.e.BasicErrorController:
	
14:10:01 DEBUG o.s.w.s.m.m.a.RequestMappingHandlerAdapter - ControllerAdvice beans: 0 @ModelAttribute, 0 @InitBinder, 1 RequestBodyAdvice, 1 ResponseBodyAdvice
14:10:01 DEBUG o.s.w.s.m.m.a.ExceptionHandlerExceptionResolver - ControllerAdvice beans: 0 @ExceptionHandler, 1 ResponseBodyAdvice
14:10:01 INFO  o.a.coyote.http11.Http11NioProtocol - Starting ProtocolHandler ["http-nio-8080"]
14:10:01 INFO  o.s.b.w.e.tomcat.TomcatWebServer - Tomcat started on port 8080 (http) with context path ''
14:10:01 DEBUG org.springframework.web.SimpLogging - clientOutboundChannel added SubProtocolWebSocketHandler[StompSubProtocolHandler[v10.stomp, v11.stomp, v12.stomp]]
14:10:01 DEBUG org.springframework.web.SimpLogging - clientInboundChannel added WebSocketAnnotationMethodMessageHandler[prefixes=[/app/]]
14:10:01 INFO  o.s.m.s.b.SimpleBrokerMessageHandler - Starting...
14:10:01 DEBUG org.springframework.web.SimpLogging - clientInboundChannel added SimpleBrokerMessageHandler [org.springframework.messaging.simp.broker.DefaultSubscriptionRegistry@6af4c74e]
14:10:01 DEBUG org.springframework.web.SimpLogging - brokerChannel added SimpleBrokerMessageHandler [org.springframework.messaging.simp.broker.DefaultSubscriptionRegistry@6af4c74e]
14:10:01 INFO  o.s.m.s.b.SimpleBrokerMessageHandler - BrokerAvailabilityEvent[available=true, SimpleBrokerMessageHandler [org.springframework.messaging.simp.broker.DefaultSubscriptionRegistry@6af4c74e]]
14:10:01 INFO  o.s.m.s.b.SimpleBrokerMessageHandler - Started.
14:10:01 DEBUG org.springframework.web.SimpLogging - clientInboundChannel added UserDestinationMessageHandler[DefaultUserDestinationResolver[prefix=/user/]]
14:10:01 DEBUG org.springframework.web.SimpLogging - brokerChannel added UserDestinationMessageHandler[DefaultUserDestinationResolver[prefix=/user/]]
14:10:01 INFO  org.jan.ChallengeMeApplication - Started ChallengeMeApplication in 4.491 seconds (process running for 4.886)
14:10:02 INFO  o.a.c.c.C.[Tomcat].[localhost].[/] - Initializing Spring DispatcherServlet 'dispatcherServlet'
14:10:02 INFO  o.s.web.servlet.DispatcherServlet - Initializing Servlet 'dispatcherServlet'
14:10:02 DEBUG o.s.web.servlet.DispatcherServlet - Detected StandardServletMultipartResolver
14:10:02 DEBUG o.s.web.servlet.DispatcherServlet - Detected AcceptHeaderLocaleResolver
14:10:02 DEBUG o.s.web.servlet.DispatcherServlet - Detected FixedThemeResolver
14:10:02 DEBUG o.s.web.servlet.DispatcherServlet - Detected org.springframework.web.servlet.view.DefaultRequestToViewNameTranslator@6198bac2
14:10:02 DEBUG o.s.web.servlet.DispatcherServlet - Detected org.springframework.web.servlet.support.SessionFlashMapManager@595be089
14:10:02 DEBUG o.s.web.servlet.DispatcherServlet - enableLoggingRequestDetails='false': request parameters and headers will be masked to prevent unsafe logging of potentially sensitive data
14:10:02 INFO  o.s.web.servlet.DispatcherServlet - Completed initialization in 2 ms
14:10:06 WARN  o.s.w.s.h.HandlerMappingIntrospector - Cache miss for REQUEST dispatch to '/api/auth/login' (previous null). Performing MatchableHandlerMapping lookup. This is logged once only at WARN level, and every time at TRACE.
14:10:06 DEBUG o.s.web.servlet.DispatcherServlet - POST "/api/auth/login", parameters={}
14:10:06 DEBUG o.s.w.s.m.m.a.RequestMappingHandlerMapping - Mapped to org.jan.user.AuthController#login(LoginRequest, HttpSession)
14:10:06 DEBUG o.s.w.s.m.m.a.RequestResponseBodyMethodProcessor - Read "application/json;charset=UTF-8" to [LoginRequest(username=admin, password=admin123)]
14:10:06 DEBUG o.s.w.s.m.m.a.HttpEntityMethodProcessor - Using 'application/json', given [application/json, text/plain, */*] and supported [application/json, application/*+json]
14:10:06 DEBUG o.s.w.s.m.m.a.HttpEntityMethodProcessor - Writing [LoginResponse(username=admin, role=ADMIN)]
14:10:06 DEBUG o.s.web.servlet.DispatcherServlet - Completed 200 OK
14:10:06 DEBUG o.s.web.servlet.DispatcherServlet - GET "/api/games", parameters={}
14:10:06 DEBUG o.s.w.s.m.m.a.RequestMappingHandlerMapping - Mapped to org.jan.game.GameController#getAll()
14:10:06 DEBUG o.s.web.servlet.DispatcherServlet - GET "/api/friends", parameters={}
14:10:06 DEBUG o.s.w.s.m.m.a.RequestMappingHandlerMapping - Mapped to org.jan.friend.FriendController#getFriends(Authentication)
14:10:06 DEBUG o.s.web.servlet.DispatcherServlet - GET "/ws", parameters={}
14:10:06 DEBUG o.s.w.s.s.s.WebSocketHandlerMapping - Mapped to org.springframework.web.socket.server.support.WebSocketHttpRequestHandler@48a7902f
14:10:06 DEBUG o.s.w.s.s.s.WebSocketHttpRequestHandler - GET /ws
14:10:06 DEBUG o.s.w.s.m.m.a.HttpEntityMethodProcessor - Using 'application/json', given [application/json, text/plain, */*] and supported [application/json, application/*+json]
14:10:06 DEBUG o.s.w.s.m.m.a.HttpEntityMethodProcessor - Writing [[GameDto(id=1, key=TIC_TAC_TOE, icon=❌⭕, nameCs=Piškvorky 3×3, nameEn=Tic-Tac-Toe, taglineCs=Klasick (truncated)...]
14:10:06 DEBUG o.s.w.s.m.m.a.HttpEntityMethodProcessor - Using 'application/json', given [application/json, text/plain, */*] and supported [application/json, application/*+json]
14:10:06 DEBUG o.s.w.s.m.m.a.HttpEntityMethodProcessor - Writing [[]]
14:10:06 DEBUG o.s.web.servlet.DispatcherServlet - Completed 200 OK
14:10:06 DEBUG o.s.web.servlet.DispatcherServlet - Completed 200 OK
14:10:06 DEBUG o.s.web.servlet.DispatcherServlet - Completed 101 SWITCHING_PROTOCOLS
14:10:06 DEBUG o.s.web.servlet.DispatcherServlet - GET "/api/events", parameters={}
14:10:06 DEBUG o.s.w.s.m.m.a.RequestMappingHandlerMapping - Mapped to org.jan.game.GameEventController#getActiveEvents(Authentication)
14:10:06 DEBUG o.s.w.s.h.LoggingWebSocketHandlerDecorator - New StandardWebSocketSession[id=cc54613a-4a04-7290-645c-de998d3bd48f, uri=ws://localhost:8080/ws]
14:10:06 DEBUG o.s.w.s.m.m.a.HttpEntityMethodProcessor - Using 'application/json', given [application/json, text/plain, */*] and supported [application/json, application/*+json]
14:10:06 DEBUG o.s.w.s.m.m.a.HttpEntityMethodProcessor - Writing [[]]
14:10:06 DEBUG o.s.web.servlet.DispatcherServlet - Completed 200 OK
14:10:06 DEBUG org.springframework.web.SimpLogging - Processing CONNECT user=admin session=cc54613a-4a04-7290-645c-de998d3bd48f
14:10:06 DEBUG org.springframework.web.SimpLogging - Processing SUBSCRIBE /topic/chat/admin id=sub-0 session=cc54613a-4a04-7290-645c-de998d3bd48f
14:10:06 DEBUG org.springframework.web.SimpLogging - Processing SUBSCRIBE /topic/notifications/admin id=sub-1 session=cc54613a-4a04-7290-645c-de998d3bd48f
14:10:31 DEBUG o.s.web.servlet.DispatcherServlet - GET "/api/games", parameters={}
14:10:31 DEBUG o.s.w.s.m.m.a.RequestMappingHandlerMapping - Mapped to org.jan.game.GameController#getAll()
14:10:31 DEBUG o.s.w.s.m.m.a.HttpEntityMethodProcessor - Using 'application/json', given [application/json, text/plain, */*] and supported [application/json, application/*+json]
14:10:31 DEBUG o.s.w.s.m.m.a.HttpEntityMethodProcessor - Writing [[GameDto(id=1, key=TIC_TAC_TOE, icon=❌⭕, nameCs=Piškvorky 3×3, nameEn=Tic-Tac-Toe, taglineCs=Klasick (truncated)...]
14:10:31 DEBUG o.s.web.servlet.DispatcherServlet - Completed 200 OK
14:10:45 DEBUG o.s.w.s.h.LoggingWebSocketHandlerDecorator - StandardWebSocketSession[id=cc54613a-4a04-7290-645c-de998d3bd48f, uri=ws://localhost:8080/ws] closed with CloseStatus[code=1001, reason=null]
14:10:45 DEBUG o.s.w.s.m.SubProtocolWebSocketHandler - Clearing session cc54613a-4a04-7290-645c-de998d3bd48f
14:10:45 DEBUG org.springframework.web.SimpLogging - Processing DISCONNECT session=cc54613a-4a04-7290-645c-de998d3bd48f
14:10:45 DEBUG o.s.w.s.m.SubProtocolWebSocketHandler - No session for GenericMessage [payload=byte[0], headers={simpMessageType=DISCONNECT_ACK, simpDisconnectMessage=GenericMessage [payload=byte[0], headers={simpMessageType=DISCONNECT, stompCommand=DISCONNECT, simpSessionAttributes={sessionUsername=admin, org.springframework.messaging.simp.SimpAttributes.COMPLETED=true}, simpUser=org.jan.config.WebSocketConfig$1$$Lambda/0x000002c6d5c72ff0@1f596768, simpSessionId=cc54613a-4a04-7290-645c-de998d3bd48f}], simpUser=org.jan.config.WebSocketConfig$1$$Lambda/0x000002c6d5c72ff0@1f596768, simpSessionId=cc54613a-4a04-7290-645c-de998d3bd48f}]
14:10:45 DEBUG o.s.web.servlet.DispatcherServlet - GET "/ws", parameters={}
14:10:45 DEBUG o.s.w.s.s.s.WebSocketHandlerMapping - Mapped to org.springframework.web.socket.server.support.WebSocketHttpRequestHandler@48a7902f
14:10:45 DEBUG o.s.w.s.s.s.WebSocketHttpRequestHandler - GET /ws
14:10:45 DEBUG o.s.web.servlet.DispatcherServlet - GET "/api/friends", parameters={}
14:10:45 DEBUG o.s.w.s.m.m.a.RequestMappingHandlerMapping - Mapped to org.jan.friend.FriendController#getFriends(Authentication)
14:10:45 DEBUG o.s.web.servlet.DispatcherServlet - Completed 101 SWITCHING_PROTOCOLS
14:10:45 DEBUG o.s.w.s.h.LoggingWebSocketHandlerDecorator - New StandardWebSocketSession[id=0f6bffaa-892a-c8ce-bbbe-1264d0fe7831, uri=ws://localhost:8080/ws]
14:10:45 DEBUG o.s.w.s.m.m.a.HttpEntityMethodProcessor - Using 'application/json', given [application/json, text/plain, */*] and supported [application/json, application/*+json]
14:10:45 DEBUG o.s.w.s.m.m.a.HttpEntityMethodProcessor - Writing [[]]
14:10:45 DEBUG o.s.web.servlet.DispatcherServlet - Completed 200 OK
14:10:45 DEBUG o.s.web.servlet.DispatcherServlet - GET "/api/games", parameters={}
14:10:45 DEBUG o.s.w.s.m.m.a.RequestMappingHandlerMapping - Mapped to org.jan.game.GameController#getAll()
14:10:45 DEBUG o.s.w.s.m.m.a.HttpEntityMethodProcessor - Using 'application/json', given [application/json, text/plain, */*] and supported [application/json, application/*+json]
14:10:45 DEBUG o.s.w.s.m.m.a.HttpEntityMethodProcessor - Writing [[GameDto(id=1, key=TIC_TAC_TOE, icon=❌⭕, nameCs=Piškvorky 3×3, nameEn=Tic-Tac-Toe, taglineCs=Klasick (truncated)...]
14:10:45 DEBUG org.springframework.web.SimpLogging - Processing CONNECT user=admin session=0f6bffaa-892a-c8ce-bbbe-1264d0fe7831
14:10:45 DEBUG o.s.web.servlet.DispatcherServlet - Completed 200 OK
14:10:45 DEBUG org.springframework.web.SimpLogging - Processing SUBSCRIBE /topic/chat/admin id=sub-0 session=0f6bffaa-892a-c8ce-bbbe-1264d0fe7831
14:10:45 DEBUG org.springframework.web.SimpLogging - Processing SUBSCRIBE /topic/notifications/admin id=sub-1 session=0f6bffaa-892a-c8ce-bbbe-1264d0fe7831
14:10:53 DEBUG o.s.w.s.h.LoggingWebSocketHandlerDecorator - StandardWebSocketSession[id=0f6bffaa-892a-c8ce-bbbe-1264d0fe7831, uri=ws://localhost:8080/ws] closed with CloseStatus[code=1001, reason=null]
14:10:53 DEBUG o.s.w.s.m.SubProtocolWebSocketHandler - Clearing session 0f6bffaa-892a-c8ce-bbbe-1264d0fe7831
14:10:53 DEBUG org.springframework.web.SimpLogging - Processing DISCONNECT session=0f6bffaa-892a-c8ce-bbbe-1264d0fe7831
14:10:53 DEBUG o.s.w.s.m.SubProtocolWebSocketHandler - No session for GenericMessage [payload=byte[0], headers={simpMessageType=DISCONNECT_ACK, simpDisconnectMessage=GenericMessage [payload=byte[0], headers={simpMessageType=DISCONNECT, stompCommand=DISCONNECT, simpSessionAttributes={sessionUsername=admin, org.springframework.messaging.simp.SimpAttributes.COMPLETED=true}, simpUser=org.jan.config.WebSocketConfig$1$$Lambda/0x000002c6d5c72ff0@748a95bb, simpSessionId=0f6bffaa-892a-c8ce-bbbe-1264d0fe7831}], simpUser=org.jan.config.WebSocketConfig$1$$Lambda/0x000002c6d5c72ff0@748a95bb, simpSessionId=0f6bffaa-892a-c8ce-bbbe-1264d0fe7831}]
14:10:53 DEBUG o.s.web.servlet.DispatcherServlet - GET "/ws", parameters={}
14:10:53 DEBUG o.s.w.s.s.s.WebSocketHandlerMapping - Mapped to org.springframework.web.socket.server.support.WebSocketHttpRequestHandler@48a7902f
14:10:53 DEBUG o.s.w.s.s.s.WebSocketHttpRequestHandler - GET /ws
14:10:53 DEBUG o.s.web.servlet.DispatcherServlet - GET "/api/friends", parameters={}
14:10:53 DEBUG o.s.w.s.m.m.a.RequestMappingHandlerMapping - Mapped to org.jan.friend.FriendController#getFriends(Authentication)
14:10:53 DEBUG o.s.web.servlet.DispatcherServlet - Completed 101 SWITCHING_PROTOCOLS
14:10:53 DEBUG o.s.w.s.h.LoggingWebSocketHandlerDecorator - New StandardWebSocketSession[id=9431a768-377f-b418-5cbb-b988237e039b, uri=ws://localhost:8080/ws]
14:10:53 DEBUG o.s.w.s.m.m.a.HttpEntityMethodProcessor - Using 'application/json', given [application/json, text/plain, */*] and supported [application/json, application/*+json]
14:10:53 DEBUG o.s.w.s.m.m.a.HttpEntityMethodProcessor - Writing [[]]
14:10:53 DEBUG o.s.web.servlet.DispatcherServlet - Completed 200 OK
14:10:53 DEBUG o.s.web.servlet.DispatcherServlet - GET "/api/games", parameters={}
14:10:53 DEBUG o.s.w.s.m.m.a.RequestMappingHandlerMapping - Mapped to org.jan.game.GameController#getAll()
14:10:53 DEBUG o.s.w.s.m.m.a.HttpEntityMethodProcessor - Using 'application/json', given [application/json, text/plain, */*] and supported [application/json, application/*+json]
14:10:53 DEBUG o.s.w.s.m.m.a.HttpEntityMethodProcessor - Writing [[GameDto(id=1, key=TIC_TAC_TOE, icon=❌⭕, nameCs=Piškvorky 3×3, nameEn=Tic-Tac-Toe, taglineCs=Klasick (truncated)...]
14:10:53 DEBUG org.springframework.web.SimpLogging - Processing CONNECT user=admin session=9431a768-377f-b418-5cbb-b988237e039b
14:10:53 DEBUG o.s.web.servlet.DispatcherServlet - Completed 200 OK
14:10:53 DEBUG org.springframework.web.SimpLogging - Processing SUBSCRIBE /topic/chat/admin id=sub-0 session=9431a768-377f-b418-5cbb-b988237e039b
14:10:53 DEBUG org.springframework.web.SimpLogging - Processing SUBSCRIBE /topic/notifications/admin id=sub-1 session=9431a768-377f-b418-5cbb-b988237e039b
14:11:01 INFO  o.s.w.s.c.WebSocketMessageBrokerStats - WebSocketSession[1 current WS(1)-HttpStream(0)-HttpPoll(0), 3 total, 0 closed abnormally (0 connect failure, 0 send limit, 0 transport error)], stompSubProtocol[processed CONNECT(3)-CONNECTED(3)-DISCONNECT(0)], stompBrokerRelay[null], inboundChannel[pool size = 32, active threads = 0, queued tasks = 0, completed tasks = 33], outboundChannel[pool size = 5, active threads = 0, queued tasks = 0, completed tasks = 5], sockJsScheduler[pool size = 1, active threads = 1, queued tasks = 0, completed tasks = 0]
14:11:10 DEBUG o.s.web.servlet.DispatcherServlet - GET "/api/friends", parameters={}
14:11:10 DEBUG o.s.w.s.m.m.a.RequestMappingHandlerMapping - Mapped to org.jan.friend.FriendController#getFriends(Authentication)
14:11:10 DEBUG o.s.w.s.m.m.a.HttpEntityMethodProcessor - Using 'application/json', given [application/json, text/plain, */*] and supported [application/json, application/*+json]
14:11:10 DEBUG o.s.w.s.m.m.a.HttpEntityMethodProcessor - Writing [[]]
14:11:10 DEBUG o.s.web.servlet.DispatcherServlet - Completed 200 OK
14:11:10 DEBUG o.s.web.servlet.DispatcherServlet - GET "/api/friends/requests", parameters={}
14:11:10 DEBUG o.s.w.s.m.m.a.RequestMappingHandlerMapping - Mapped to org.jan.friend.FriendController#getPendingRequests(Authentication)
14:11:10 DEBUG o.s.w.s.m.m.a.HttpEntityMethodProcessor - Using 'application/json', given [application/json, text/plain, */*] and supported [application/json, application/*+json]
14:11:10 DEBUG o.s.w.s.m.m.a.HttpEntityMethodProcessor - Writing [[]]
14:11:10 DEBUG o.s.web.servlet.DispatcherServlet - Completed 200 OK
14:11:13 DEBUG o.s.web.servlet.DispatcherServlet - GET "/api/games", parameters={}
14:11:13 DEBUG o.s.w.s.m.m.a.RequestMappingHandlerMapping - Mapped to org.jan.game.GameController#getAll()
14:11:13 DEBUG o.s.w.s.m.m.a.HttpEntityMethodProcessor - Using 'application/json', given [application/json, text/plain, */*] and supported [application/json, application/*+json]
14:11:13 DEBUG o.s.w.s.m.m.a.HttpEntityMethodProcessor - Writing [[GameDto(id=1, key=TIC_TAC_TOE, icon=❌⭕, nameCs=Piškvorky 3×3, nameEn=Tic-Tac-Toe, taglineCs=Klasick (truncated)...]
14:11:13 DEBUG o.s.web.servlet.DispatcherServlet - Completed 200 OK
14:14:39 DEBUG o.s.web.servlet.DispatcherServlet - GET "/api/games", parameters={}
14:14:39 DEBUG o.s.w.s.m.m.a.RequestMappingHandlerMapping - Mapped to org.jan.game.GameController#getAll()
14:14:39 DEBUG o.s.w.s.m.m.a.HttpEntityMethodProcessor - Using 'application/json', given [application/json, text/plain, */*] and supported [application/json, application/*+json]
14:14:39 DEBUG o.s.w.s.m.m.a.HttpEntityMethodProcessor - Writing [[GameDto(id=1, key=TIC_TAC_TOE, icon=❌⭕, nameCs=Piškvorky 3×3, nameEn=Tic-Tac-Toe, taglineCs=Klasick (truncated)...]
14:14:39 DEBUG o.s.web.servlet.DispatcherServlet - Completed 200 OK
14:34:08 DEBUG o.s.w.s.h.LoggingWebSocketHandlerDecorator - StandardWebSocketSession[id=9431a768-377f-b418-5cbb-b988237e039b, uri=ws://localhost:8080/ws] closed with CloseStatus[code=1001, reason=null]
14:34:08 DEBUG o.s.w.s.m.SubProtocolWebSocketHandler - Clearing session 9431a768-377f-b418-5cbb-b988237e039b
14:34:08 DEBUG org.springframework.web.SimpLogging - Processing DISCONNECT session=9431a768-377f-b418-5cbb-b988237e039b
14:34:08 DEBUG o.s.w.s.m.SubProtocolWebSocketHandler - No session for GenericMessage [payload=byte[0], headers={simpMessageType=DISCONNECT_ACK, simpDisconnectMessage=GenericMessage [payload=byte[0], headers={simpMessageType=DISCONNECT, stompCommand=DISCONNECT, simpSessionAttributes={sessionUsername=admin, org.springframework.messaging.simp.SimpAttributes.COMPLETED=true}, simpUser=org.jan.config.WebSocketConfig$1$$Lambda/0x000002c6d5c72ff0@7aa99c5c, simpSessionId=9431a768-377f-b418-5cbb-b988237e039b}], simpUser=org.jan.config.WebSocketConfig$1$$Lambda/0x000002c6d5c72ff0@7aa99c5c, simpSessionId=9431a768-377f-b418-5cbb-b988237e039b}]
14:34:08 DEBUG o.s.web.servlet.DispatcherServlet - GET "/ws", parameters={}
14:34:08 DEBUG o.s.w.s.s.s.WebSocketHandlerMapping - Mapped to org.springframework.web.socket.server.support.WebSocketHttpRequestHandler@48a7902f
14:34:08 DEBUG o.s.w.s.s.s.WebSocketHttpRequestHandler - GET /ws
14:34:08 DEBUG o.s.web.servlet.DispatcherServlet - GET "/api/friends", parameters={}
14:34:08 DEBUG o.s.web.servlet.DispatcherServlet - Completed 101 SWITCHING_PROTOCOLS
14:34:08 DEBUG o.s.w.s.m.m.a.RequestMappingHandlerMapping - Mapped to org.jan.friend.FriendController#getFriends(Authentication)
14:34:08 DEBUG o.s.w.s.h.LoggingWebSocketHandlerDecorator - New StandardWebSocketSession[id=eaa6583a-62a4-a338-70c3-773e8539c4ed, uri=ws://localhost:8080/ws]
14:34:08 DEBUG o.s.w.s.m.m.a.HttpEntityMethodProcessor - Using 'application/json', given [application/json, text/plain, */*] and supported [application/json, application/*+json]
14:34:08 DEBUG o.s.w.s.m.m.a.HttpEntityMethodProcessor - Writing [[]]
14:34:08 DEBUG o.s.web.servlet.DispatcherServlet - Completed 200 OK
14:34:08 DEBUG o.s.web.servlet.DispatcherServlet - GET "/api/games", parameters={}
14:34:08 DEBUG o.s.w.s.m.m.a.RequestMappingHandlerMapping - Mapped to org.jan.game.GameController#getAll()
14:34:08 DEBUG org.springframework.web.SimpLogging - Processing CONNECT user=admin session=eaa6583a-62a4-a338-70c3-773e8539c4ed
14:34:08 DEBUG org.springframework.web.SimpLogging - Processing SUBSCRIBE /topic/chat/admin id=sub-0 session=eaa6583a-62a4-a338-70c3-773e8539c4ed
14:34:08 DEBUG org.springframework.web.SimpLogging - Processing SUBSCRIBE /topic/notifications/admin id=sub-1 session=eaa6583a-62a4-a338-70c3-773e8539c4ed
14:34:08 DEBUG o.s.w.s.m.m.a.HttpEntityMethodProcessor - Using 'application/json', given [application/json, text/plain, */*] and supported [application/json, application/*+json]
14:34:08 DEBUG o.s.w.s.m.m.a.HttpEntityMethodProcessor - Writing [[GameDto(id=1, key=TIC_TAC_TOE, icon=❌⭕, nameCs=Piškvorky 3×3, nameEn=Tic-Tac-Toe, taglineCs=Klasick (truncated)...]
14:34:08 DEBUG o.s.web.servlet.DispatcherServlet - Completed 200 OK
14:34:08 DEBUG o.s.web.servlet.DispatcherServlet - GET "/api/events", parameters={}
14:34:08 DEBUG o.s.w.s.m.m.a.RequestMappingHandlerMapping - Mapped to org.jan.game.GameEventController#getActiveEvents(Authentication)
14:34:08 DEBUG o.s.w.s.m.m.a.HttpEntityMethodProcessor - Using 'application/json', given [application/json, text/plain, */*] and supported [application/json, application/*+json]
14:34:08 DEBUG o.s.w.s.m.m.a.HttpEntityMethodProcessor - Writing [[]]
14:34:08 DEBUG o.s.web.servlet.DispatcherServlet - Completed 200 OK
14:34:14 DEBUG o.s.web.servlet.DispatcherServlet - GET "/api/games", parameters={}
14:34:14 DEBUG o.s.w.s.m.m.a.RequestMappingHandlerMapping - Mapped to org.jan.game.GameController#getAll()
14:34:14 DEBUG o.s.w.s.m.m.a.HttpEntityMethodProcessor - Using 'application/json', given [application/json, text/plain, */*] and supported [application/json, application/*+json]
14:34:14 DEBUG o.s.w.s.m.m.a.HttpEntityMethodProcessor - Writing [[GameDto(id=1, key=TIC_TAC_TOE, icon=❌⭕, nameCs=Piškvorky 3×3, nameEn=Tic-Tac-Toe, taglineCs=Klasick (truncated)...]
14:34:14 DEBUG o.s.web.servlet.DispatcherServlet - Completed 200 OK
14:34:15 DEBUG org.springframework.web.SimpLogging - Processing DISCONNECT receipt=close-2 session=eaa6583a-62a4-a338-70c3-773e8539c4ed
14:34:15 DEBUG o.s.web.servlet.DispatcherServlet - POST "/api/auth/logout", parameters={}
14:34:15 DEBUG o.s.w.s.m.m.a.RequestMappingHandlerMapping - Mapped to org.jan.user.AuthController#logout(HttpSession)
14:34:15 DEBUG o.s.web.servlet.DispatcherServlet - GET "/api/games", parameters={}
14:34:15 DEBUG o.s.w.s.m.m.a.RequestMappingHandlerMapping - Mapped to org.jan.game.GameController#getAll()
14:34:15 DEBUG o.s.w.s.h.LoggingWebSocketHandlerDecorator - StandardWebSocketSession[id=eaa6583a-62a4-a338-70c3-773e8539c4ed, uri=ws://localhost:8080/ws] closed with CloseStatus[code=1008, reason=This connection was established under an authenticated HTTP session that has ended.]
14:34:15 DEBUG o.s.w.s.m.SubProtocolWebSocketHandler - Clearing session eaa6583a-62a4-a338-70c3-773e8539c4ed
14:34:15 DEBUG org.springframework.web.SimpLogging - Processing DISCONNECT session=eaa6583a-62a4-a338-70c3-773e8539c4ed
14:34:15 DEBUG o.s.w.s.m.SubProtocolWebSocketHandler - No session for GenericMessage [payload=byte[0], headers={simpMessageType=DISCONNECT_ACK, simpDisconnectMessage=GenericMessage [payload=byte[0], headers={simpMessageType=DISCONNECT, stompCommand=DISCONNECT, simpSessionAttributes={sessionUsername=admin, org.springframework.messaging.simp.SimpAttributes.COMPLETED=true}, simpUser=org.jan.config.WebSocketConfig$1$$Lambda/0x000002c6d5c72ff0@7387cf45, simpSessionId=eaa6583a-62a4-a338-70c3-773e8539c4ed}], simpUser=org.jan.config.WebSocketConfig$1$$Lambda/0x000002c6d5c72ff0@7387cf45, simpSessionId=eaa6583a-62a4-a338-70c3-773e8539c4ed}]
14:34:15 DEBUG o.s.w.s.m.m.a.HttpEntityMethodProcessor - Using 'application/json', given [application/json, text/plain, */*] and supported [text/plain, */*, application/json, application/*+json]
14:34:15 DEBUG o.s.w.s.m.m.a.HttpEntityMethodProcessor - Writing ["Logged out"]
14:34:15 DEBUG o.s.web.servlet.DispatcherServlet - Completed 200 OK
14:34:15 DEBUG o.s.w.s.m.m.a.HttpEntityMethodProcessor - Using 'application/json', given [application/json, text/plain, */*] and supported [application/json, application/*+json]
14:34:15 DEBUG o.s.w.s.m.m.a.HttpEntityMethodProcessor - Writing [[GameDto(id=1, key=TIC_TAC_TOE, icon=❌⭕, nameCs=Piškvorky 3×3, nameEn=Tic-Tac-Toe, taglineCs=Klasick (truncated)...]
14:34:15 DEBUG o.s.web.servlet.DispatcherServlet - Completed 200 OK
14:34:20 DEBUG o.s.web.servlet.DispatcherServlet - GET "/api/games", parameters={}
14:34:20 DEBUG o.s.w.s.m.m.a.RequestMappingHandlerMapping - Mapped to org.jan.game.GameController#getAll()
14:34:20 DEBUG o.s.w.s.m.m.a.HttpEntityMethodProcessor - Using 'application/json', given [application/json, text/plain, */*] and supported [application/json, application/*+json]
14:34:20 DEBUG o.s.w.s.m.m.a.HttpEntityMethodProcessor - Writing [[GameDto(id=1, key=TIC_TAC_TOE, icon=❌⭕, nameCs=Piškvorky 3×3, nameEn=Tic-Tac-Toe, taglineCs=Klasick (truncated)...]
14:34:20 DEBUG o.s.web.servlet.DispatcherServlet - Completed 200 OK
14:34:20 DEBUG o.s.web.servlet.DispatcherServlet - GET "/api/events/public", parameters={}
14:34:20 DEBUG o.s.w.s.m.m.a.RequestMappingHandlerMapping - Mapped to org.jan.game.GameEventController#getPublicEvents()
14:34:20 DEBUG o.s.w.s.m.m.a.HttpEntityMethodProcessor - Using 'application/json', given [application/json, text/plain, */*] and supported [application/json, application/*+json]
14:34:20 DEBUG o.s.w.s.m.m.a.HttpEntityMethodProcessor - Writing [[]]
14:34:20 DEBUG o.s.web.servlet.DispatcherServlet - Completed 200 OK
14:34:25 DEBUG o.s.web.servlet.DispatcherServlet - POST "/api/auth/login", parameters={}
14:34:25 DEBUG o.s.w.s.m.m.a.RequestMappingHandlerMapping - Mapped to org.jan.user.AuthController#login(LoginRequest, HttpSession)
14:34:25 DEBUG o.s.w.s.m.m.a.RequestResponseBodyMethodProcessor - Read "application/json;charset=UTF-8" to [LoginRequest(username=jan3, password=jan3jan3)]
14:34:25 DEBUG o.s.w.s.m.m.a.HttpEntityMethodProcessor - Using 'application/json', given [application/json, text/plain, */*] and supported [text/plain, */*, application/json, application/*+json]
14:34:25 DEBUG o.s.w.s.m.m.a.HttpEntityMethodProcessor - Writing ["Invalid credentials"]
14:34:25 DEBUG o.s.web.servlet.DispatcherServlet - Completed 400 BAD_REQUEST
14:34:31 DEBUG o.s.web.servlet.DispatcherServlet - POST "/api/auth/login", parameters={}
14:34:31 DEBUG o.s.w.s.m.m.a.RequestMappingHandlerMapping - Mapped to org.jan.user.AuthController#login(LoginRequest, HttpSession)
14:34:31 DEBUG o.s.w.s.m.m.a.RequestResponseBodyMethodProcessor - Read "application/json;charset=UTF-8" to [LoginRequest(username=admin, password=admin123)]
14:34:31 DEBUG o.s.w.s.m.m.a.HttpEntityMethodProcessor - Using 'application/json', given [application/json, text/plain, */*] and supported [application/json, application/*+json]
14:34:31 DEBUG o.s.w.s.m.m.a.HttpEntityMethodProcessor - Writing [LoginResponse(username=admin, role=ADMIN)]
14:34:31 DEBUG o.s.web.servlet.DispatcherServlet - Completed 200 OK
14:34:31 DEBUG o.s.web.servlet.DispatcherServlet - GET "/api/games", parameters={}
14:34:31 DEBUG o.s.w.s.m.m.a.RequestMappingHandlerMapping - Mapped to org.jan.game.GameController#getAll()
14:34:31 DEBUG o.s.w.s.m.m.a.HttpEntityMethodProcessor - Using 'application/json', given [application/json, text/plain, */*] and supported [application/json, application/*+json]
14:34:31 DEBUG o.s.w.s.m.m.a.HttpEntityMethodProcessor - Writing [[GameDto(id=1, key=TIC_TAC_TOE, icon=❌⭕, nameCs=Piškvorky 3×3, nameEn=Tic-Tac-Toe, taglineCs=Klasick (truncated)...]
14:34:31 DEBUG o.s.web.servlet.DispatcherServlet - Completed 200 OK
14:34:31 DEBUG o.s.web.servlet.DispatcherServlet - GET "/ws", parameters={}
14:34:31 DEBUG o.s.w.s.s.s.WebSocketHandlerMapping - Mapped to org.springframework.web.socket.server.support.WebSocketHttpRequestHandler@48a7902f
14:34:31 DEBUG o.s.w.s.s.s.WebSocketHttpRequestHandler - GET /ws
14:34:31 DEBUG o.s.web.servlet.DispatcherServlet - GET "/api/friends", parameters={}
14:34:31 DEBUG o.s.web.servlet.DispatcherServlet - Completed 101 SWITCHING_PROTOCOLS
14:34:31 DEBUG o.s.w.s.m.m.a.RequestMappingHandlerMapping - Mapped to org.jan.friend.FriendController#getFriends(Authentication)
14:34:31 DEBUG o.s.w.s.h.LoggingWebSocketHandlerDecorator - New StandardWebSocketSession[id=44389131-ce9c-83ad-3533-6e47377a3bcb, uri=ws://localhost:8080/ws]
14:34:31 DEBUG org.springframework.web.SimpLogging - Processing CONNECT user=admin session=44389131-ce9c-83ad-3533-6e47377a3bcb
14:34:31 DEBUG o.s.w.s.m.m.a.HttpEntityMethodProcessor - Using 'application/json', given [application/json, text/plain, */*] and supported [application/json, application/*+json]
14:34:31 DEBUG o.s.w.s.m.m.a.HttpEntityMethodProcessor - Writing [[]]
14:34:31 DEBUG org.springframework.web.SimpLogging - Processing SUBSCRIBE /topic/chat/admin id=sub-0 session=44389131-ce9c-83ad-3533-6e47377a3bcb
14:34:31 DEBUG o.s.web.servlet.DispatcherServlet - Completed 200 OK
14:34:31 DEBUG org.springframework.web.SimpLogging - Processing SUBSCRIBE /topic/notifications/admin id=sub-1 session=44389131-ce9c-83ad-3533-6e47377a3bcb
14:34:31 DEBUG o.s.web.servlet.DispatcherServlet - GET "/api/events", parameters={}
14:34:31 DEBUG o.s.w.s.m.m.a.RequestMappingHandlerMapping - Mapped to org.jan.game.GameEventController#getActiveEvents(Authentication)
14:34:31 DEBUG o.s.w.s.m.m.a.HttpEntityMethodProcessor - Using 'application/json', given [application/json, text/plain, */*] and supported [application/json, application/*+json]
14:34:31 DEBUG o.s.w.s.m.m.a.HttpEntityMethodProcessor - Writing [[]]
14:34:31 DEBUG o.s.web.servlet.DispatcherServlet - Completed 200 OK
14:35:09 DEBUG o.s.web.servlet.DispatcherServlet - GET "/api/games", parameters={}
14:35:09 DEBUG o.s.w.s.m.m.a.RequestMappingHandlerMapping - Mapped to org.jan.game.GameController#getAll()
14:35:09 DEBUG o.s.w.s.m.m.a.HttpEntityMethodProcessor - Using 'application/json', given [application/json, text/plain, */*] and supported [application/json, application/*+json]
14:35:09 DEBUG o.s.w.s.m.m.a.HttpEntityMethodProcessor - Writing [[GameDto(id=1, key=TIC_TAC_TOE, icon=❌⭕, nameCs=Piškvorky 3×3, nameEn=Tic-Tac-Toe, taglineCs=Klasick (truncated)...]
14:35:09 DEBUG o.s.web.servlet.DispatcherServlet - Completed 200 OK
14:35:31 DEBUG o.s.web.servlet.DispatcherServlet - GET "/api/friends", parameters={}
14:35:31 DEBUG o.s.web.servlet.DispatcherServlet - GET "/api/friends/requests", parameters={}
14:35:31 DEBUG o.s.w.s.m.m.a.RequestMappingHandlerMapping - Mapped to org.jan.friend.FriendController#getPendingRequests(Authentication)
14:35:31 DEBUG o.s.w.s.m.m.a.RequestMappingHandlerMapping - Mapped to org.jan.friend.FriendController#getFriends(Authentication)
14:35:31 DEBUG o.s.w.s.m.m.a.HttpEntityMethodProcessor - Using 'application/json', given [application/json, text/plain, */*] and supported [application/json, application/*+json]
14:35:31 DEBUG o.s.w.s.m.m.a.HttpEntityMethodProcessor - Using 'application/json', given [application/json, text/plain, */*] and supported [application/json, application/*+json]
14:35:31 DEBUG o.s.w.s.m.m.a.HttpEntityMethodProcessor - Writing [[]]
14:35:31 DEBUG o.s.w.s.m.m.a.HttpEntityMethodProcessor - Writing [[]]
14:35:31 DEBUG o.s.web.servlet.DispatcherServlet - Completed 200 OK
14:35:31 DEBUG o.s.web.servlet.DispatcherServlet - Completed 200 OK
14:35:33 DEBUG o.s.web.servlet.DispatcherServlet - GET "/api/friends/requests", parameters={}
14:35:33 DEBUG o.s.w.s.m.m.a.RequestMappingHandlerMapping - Mapped to org.jan.friend.FriendController#getPendingRequests(Authentication)
14:35:33 DEBUG o.s.w.s.m.m.a.HttpEntityMethodProcessor - Using 'application/json', given [application/json, text/plain, */*] and supported [application/json, application/*+json]
14:35:33 DEBUG o.s.w.s.m.m.a.HttpEntityMethodProcessor - Writing [[]]
14:35:33 DEBUG o.s.web.servlet.DispatcherServlet - Completed 200 OK
14:35:35 DEBUG o.s.web.servlet.DispatcherServlet - GET "/api/leaderboard", parameters={}
14:35:35 DEBUG o.s.w.s.m.m.a.RequestMappingHandlerMapping - Mapped to org.jan.game.GameEventController#getLeaderboard()
14:35:35 DEBUG o.s.w.s.m.m.a.HttpEntityMethodProcessor - Using 'application/json', given [application/json, text/plain, */*] and supported [application/json, application/*+json]
14:35:35 DEBUG o.s.w.s.m.m.a.HttpEntityMethodProcessor - Writing [[LeaderboardEntryDto[username=test, wins=0, losses=0, draws=0, disputes=0]]]
14:35:35 DEBUG o.s.web.servlet.DispatcherServlet - Completed 200 OK
14:35:37 DEBUG o.s.web.servlet.DispatcherServlet - GET "/api/games", parameters={}
14:35:37 DEBUG o.s.w.s.m.m.a.RequestMappingHandlerMapping - Mapped to org.jan.game.GameController#getAll()
14:35:37 DEBUG o.s.w.s.m.m.a.HttpEntityMethodProcessor - Using 'application/json', given [application/json, text/plain, */*] and supported [application/json, application/*+json]
14:35:37 DEBUG o.s.w.s.m.m.a.HttpEntityMethodProcessor - Writing [[GameDto(id=1, key=TIC_TAC_TOE, icon=❌⭕, nameCs=Piškvorky 3×3, nameEn=Tic-Tac-Toe, taglineCs=Klasick (truncated)...]
14:35:37 DEBUG o.s.web.servlet.DispatcherServlet - Completed 200 OK
14:35:37 DEBUG o.s.web.servlet.DispatcherServlet - GET "/api/events", parameters={}
14:35:37 DEBUG o.s.w.s.m.m.a.RequestMappingHandlerMapping - Mapped to org.jan.game.GameEventController#getActiveEvents(Authentication)
14:35:37 DEBUG o.s.w.s.m.m.a.HttpEntityMethodProcessor - Using 'application/json', given [application/json, text/plain, */*] and supported [application/json, application/*+json]
14:35:37 DEBUG o.s.w.s.m.m.a.HttpEntityMethodProcessor - Writing [[]]
14:35:37 DEBUG o.s.web.servlet.DispatcherServlet - Completed 200 OK
14:41:01 INFO  o.s.w.s.c.WebSocketMessageBrokerStats - WebSocketSession[1 current WS(1)-HttpStream(0)-HttpPoll(0), 5 total, 0 closed abnormally (0 connect failure, 0 send limit, 0 transport error)], stompSubProtocol[processed CONNECT(5)-CONNECTED(5)-DISCONNECT(1)], stompBrokerRelay[null], inboundChannel[pool size = 0, active threads = 0, queued tasks = 0, completed tasks = 60], outboundChannel[pool size = 0, active threads = 0, queued tasks = 0, completed tasks = 10], sockJsScheduler[pool size = 2, active threads = 1, queued tasks = 0, completed tasks = 1]
15:01:51 DEBUG o.s.web.servlet.DispatcherServlet - GET "/api/games", parameters={}
15:01:51 DEBUG o.s.w.s.m.m.a.RequestMappingHandlerMapping - Mapped to org.jan.game.GameController#getAll()
15:01:51 DEBUG o.s.w.s.m.m.a.HttpEntityMethodProcessor - Using 'application/json', given [application/json, text/plain, */*] and supported [application/json, application/*+json]
15:01:51 DEBUG o.s.w.s.m.m.a.HttpEntityMethodProcessor - Writing [[GameDto(id=1, key=TIC_TAC_TOE, icon=❌⭕, nameCs=Piškvorky 3×3, nameEn=Tic-Tac-Toe, taglineCs=Klasick (truncated)...]
15:01:51 DEBUG o.s.web.servlet.DispatcherServlet - Completed 200 OK
15:02:00 DEBUG o.s.web.servlet.DispatcherServlet - GET "/api/friends/requests", parameters={}
15:02:00 DEBUG o.s.web.servlet.DispatcherServlet - GET "/api/friends", parameters={}
15:02:00 DEBUG o.s.w.s.m.m.a.RequestMappingHandlerMapping - Mapped to org.jan.friend.FriendController#getPendingRequests(Authentication)
15:02:00 DEBUG o.s.w.s.m.m.a.RequestMappingHandlerMapping - Mapped to org.jan.friend.FriendController#getFriends(Authentication)
15:02:00 DEBUG o.s.w.s.m.m.a.HttpEntityMethodProcessor - Using 'application/json', given [application/json, text/plain, */*] and supported [application/json, application/*+json]
15:02:00 DEBUG o.s.w.s.m.m.a.HttpEntityMethodProcessor - Using 'application/json', given [application/json, text/plain, */*] and supported [application/json, application/*+json]
15:02:00 DEBUG o.s.w.s.m.m.a.HttpEntityMethodProcessor - Writing [[]]
15:02:00 DEBUG o.s.w.s.m.m.a.HttpEntityMethodProcessor - Writing [[]]
15:02:00 DEBUG o.s.web.servlet.DispatcherServlet - Completed 200 OK
15:02:00 DEBUG o.s.web.servlet.DispatcherServlet - Completed 200 OK
15:02:01 DEBUG o.s.web.servlet.DispatcherServlet - GET "/api/leaderboard", parameters={}
15:02:01 DEBUG o.s.w.s.m.m.a.RequestMappingHandlerMapping - Mapped to org.jan.game.GameEventController#getLeaderboard()
15:02:01 DEBUG o.s.w.s.m.m.a.HttpEntityMethodProcessor - Using 'application/json', given [application/json, text/plain, */*] and supported [application/json, application/*+json]
15:02:01 DEBUG o.s.w.s.m.m.a.HttpEntityMethodProcessor - Writing [[LeaderboardEntryDto[username=test, wins=0, losses=0, draws=0, disputes=0]]]
15:02:01 DEBUG o.s.web.servlet.DispatcherServlet - Completed 200 OK
15:02:02 DEBUG o.s.web.servlet.DispatcherServlet - GET "/api/games", parameters={}
15:02:02 DEBUG o.s.w.s.m.m.a.RequestMappingHandlerMapping - Mapped to org.jan.game.GameController#getAll()
15:02:02 DEBUG o.s.w.s.m.m.a.HttpEntityMethodProcessor - Using 'application/json', given [application/json, text/plain, */*] and supported [application/json, application/*+json]
15:02:02 DEBUG o.s.w.s.m.m.a.HttpEntityMethodProcessor - Writing [[GameDto(id=1, key=TIC_TAC_TOE, icon=❌⭕, nameCs=Piškvorky 3×3, nameEn=Tic-Tac-Toe, taglineCs=Klasick (truncated)...]
15:02:02 DEBUG o.s.web.servlet.DispatcherServlet - Completed 200 OK
15:02:02 DEBUG o.s.web.servlet.DispatcherServlet - GET "/api/events", parameters={}
15:02:02 DEBUG o.s.w.s.m.m.a.RequestMappingHandlerMapping - Mapped to org.jan.game.GameEventController#getActiveEvents(Authentication)
15:02:02 DEBUG o.s.w.s.m.m.a.HttpEntityMethodProcessor - Using 'application/json', given [application/json, text/plain, */*] and supported [application/json, application/*+json]
15:02:02 DEBUG o.s.w.s.m.m.a.HttpEntityMethodProcessor - Writing [[]]
15:02:02 DEBUG o.s.web.servlet.DispatcherServlet - Completed 200 OK
15:02:12 DEBUG o.s.web.servlet.DispatcherServlet - GET "/api/friends", parameters={}
15:02:12 DEBUG o.s.w.s.m.m.a.RequestMappingHandlerMapping - Mapped to org.jan.friend.FriendController#getFriends(Authentication)
15:02:12 DEBUG o.s.w.s.m.m.a.HttpEntityMethodProcessor - Using 'application/json', given [application/json, text/plain, */*] and supported [application/json, application/*+json]
15:02:12 DEBUG o.s.w.s.m.m.a.HttpEntityMethodProcessor - Writing [[]]
15:02:12 DEBUG o.s.web.servlet.DispatcherServlet - Completed 200 OK
15:02:27 DEBUG o.s.web.servlet.DispatcherServlet - GET "/api/friends", parameters={}
15:02:27 DEBUG o.s.w.s.m.m.a.RequestMappingHandlerMapping - Mapped to org.jan.friend.FriendController#getFriends(Authentication)
15:02:27 DEBUG o.s.w.s.m.m.a.HttpEntityMethodProcessor - Using 'application/json', given [application/json, text/plain, */*] and supported [application/json, application/*+json]
15:02:27 DEBUG o.s.w.s.m.m.a.HttpEntityMethodProcessor - Writing [[]]
15:02:27 DEBUG o.s.web.servlet.DispatcherServlet - Completed 200 OK
15:02:27 DEBUG o.s.web.servlet.DispatcherServlet - GET "/api/games", parameters={}
15:02:27 DEBUG o.s.w.s.m.m.a.RequestMappingHandlerMapping - Mapped to org.jan.game.GameController#getAll()
15:02:27 DEBUG o.s.w.s.m.m.a.HttpEntityMethodProcessor - Using 'application/json', given [application/json, text/plain, */*] and supported [application/json, application/*+json]
15:02:27 DEBUG o.s.w.s.m.m.a.HttpEntityMethodProcessor - Writing [[GameDto(id=1, key=TIC_TAC_TOE, icon=❌⭕, nameCs=Piškvorky 3×3, nameEn=Tic-Tac-Toe, taglineCs=Klasick (truncated)...]
15:02:27 DEBUG o.s.web.servlet.DispatcherServlet - Completed 200 OK
15:02:27 DEBUG o.s.web.servlet.DispatcherServlet - GET "/api/events", parameters={}
15:02:27 DEBUG o.s.w.s.m.m.a.RequestMappingHandlerMapping - Mapped to org.jan.game.GameEventController#getActiveEvents(Authentication)
15:02:27 DEBUG o.s.w.s.m.m.a.HttpEntityMethodProcessor - Using 'application/json', given [application/json, text/plain, */*] and supported [application/json, application/*+json]
15:02:27 DEBUG o.s.w.s.m.m.a.HttpEntityMethodProcessor - Writing [[]]
15:02:27 DEBUG o.s.web.servlet.DispatcherServlet - Completed 200 OK
15:02:28 DEBUG o.s.web.servlet.DispatcherServlet - GET "/ws", parameters={}
15:02:28 DEBUG o.s.w.s.s.s.WebSocketHandlerMapping - Mapped to org.springframework.web.socket.server.support.WebSocketHttpRequestHandler@48a7902f
15:02:28 DEBUG o.s.w.s.s.s.WebSocketHttpRequestHandler - GET /ws
15:02:28 DEBUG o.s.w.s.h.LoggingWebSocketHandlerDecorator - StandardWebSocketSession[id=44389131-ce9c-83ad-3533-6e47377a3bcb, uri=ws://localhost:8080/ws] closed with CloseStatus[code=1001, reason=null]
15:02:28 DEBUG o.s.w.s.m.SubProtocolWebSocketHandler - Clearing session 44389131-ce9c-83ad-3533-6e47377a3bcb
15:02:28 DEBUG o.s.web.servlet.DispatcherServlet - Completed 101 SWITCHING_PROTOCOLS
15:02:28 DEBUG org.springframework.web.SimpLogging - Processing DISCONNECT session=44389131-ce9c-83ad-3533-6e47377a3bcb
15:02:28 DEBUG o.s.w.s.m.SubProtocolWebSocketHandler - No session for GenericMessage [payload=byte[0], headers={simpMessageType=DISCONNECT_ACK, simpDisconnectMessage=GenericMessage [payload=byte[0], headers={simpMessageType=DISCONNECT, stompCommand=DISCONNECT, simpSessionAttributes={sessionUsername=admin, org.springframework.messaging.simp.SimpAttributes.COMPLETED=true}, simpUser=org.jan.config.WebSocketConfig$1$$Lambda/0x000002c6d5c72ff0@293a5792, simpSessionId=44389131-ce9c-83ad-3533-6e47377a3bcb}], simpUser=org.jan.config.WebSocketConfig$1$$Lambda/0x000002c6d5c72ff0@293a5792, simpSessionId=44389131-ce9c-83ad-3533-6e47377a3bcb}]
15:02:28 DEBUG o.s.w.s.h.LoggingWebSocketHandlerDecorator - New StandardWebSocketSession[id=b3bcb161-1979-d00c-5962-5fe97dbe8f48, uri=ws://localhost:8080/ws]
15:02:28 DEBUG org.springframework.web.SimpLogging - Processing CONNECT user=admin session=b3bcb161-1979-d00c-5962-5fe97dbe8f48
15:02:28 DEBUG org.springframework.web.SimpLogging - Processing SUBSCRIBE /topic/chat/admin id=sub-0 session=b3bcb161-1979-d00c-5962-5fe97dbe8f48
15:02:28 DEBUG org.springframework.web.SimpLogging - Processing SUBSCRIBE /topic/notifications/admin id=sub-1 session=b3bcb161-1979-d00c-5962-5fe97dbe8f48
15:02:31 DEBUG org.springframework.web.SimpLogging - Processing DISCONNECT receipt=close-2 session=b3bcb161-1979-d00c-5962-5fe97dbe8f48
15:02:31 DEBUG o.s.web.servlet.DispatcherServlet - POST "/api/auth/logout", parameters={}
15:02:31 DEBUG o.s.w.s.m.m.a.RequestMappingHandlerMapping - Mapped to org.jan.user.AuthController#logout(HttpSession)
15:02:31 DEBUG o.s.w.s.h.LoggingWebSocketHandlerDecorator - StandardWebSocketSession[id=b3bcb161-1979-d00c-5962-5fe97dbe8f48, uri=ws://localhost:8080/ws] closed with CloseStatus[code=1008, reason=This connection was established under an authenticated HTTP session that has ended.]
15:02:31 DEBUG o.s.w.s.m.SubProtocolWebSocketHandler - Clearing session b3bcb161-1979-d00c-5962-5fe97dbe8f48
15:02:31 DEBUG org.springframework.web.SimpLogging - Processing DISCONNECT session=b3bcb161-1979-d00c-5962-5fe97dbe8f48
15:02:32 DEBUG o.s.w.s.m.SubProtocolWebSocketHandler - No session for GenericMessage [payload=byte[0], headers={simpMessageType=DISCONNECT_ACK, simpDisconnectMessage=GenericMessage [payload=byte[0], headers={simpMessageType=DISCONNECT, stompCommand=DISCONNECT, simpSessionAttributes={sessionUsername=admin, org.springframework.messaging.simp.SimpAttributes.COMPLETED=true}, simpUser=org.jan.config.WebSocketConfig$1$$Lambda/0x000002c6d5c72ff0@20e5fcf, simpSessionId=b3bcb161-1979-d00c-5962-5fe97dbe8f48}], simpUser=org.jan.config.WebSocketConfig$1$$Lambda/0x000002c6d5c72ff0@20e5fcf, simpSessionId=b3bcb161-1979-d00c-5962-5fe97dbe8f48}]
15:02:32 DEBUG o.s.web.servlet.DispatcherServlet - GET "/api/games", parameters={}
15:02:32 DEBUG o.s.w.s.m.m.a.HttpEntityMethodProcessor - Using 'application/json', given [application/json, text/plain, */*] and supported [text/plain, */*, application/json, application/*+json]
15:02:32 DEBUG o.s.w.s.m.m.a.RequestMappingHandlerMapping - Mapped to org.jan.game.GameController#getAll()
15:02:32 DEBUG o.s.w.s.m.m.a.HttpEntityMethodProcessor - Writing ["Logged out"]
15:02:32 DEBUG o.s.web.servlet.DispatcherServlet - Completed 200 OK
15:02:32 DEBUG o.s.w.s.m.m.a.HttpEntityMethodProcessor - Using 'application/json', given [application/json, text/plain, */*] and supported [application/json, application/*+json]
15:02:32 DEBUG o.s.w.s.m.m.a.HttpEntityMethodProcessor - Writing [[GameDto(id=1, key=TIC_TAC_TOE, icon=❌⭕, nameCs=Piškvorky 3×3, nameEn=Tic-Tac-Toe, taglineCs=Klasick (truncated)...]
15:02:32 DEBUG o.s.web.servlet.DispatcherServlet - Completed 200 OK
15:02:38 DEBUG o.s.web.servlet.DispatcherServlet - GET "/api/games", parameters={}
15:02:38 DEBUG o.s.w.s.m.m.a.RequestMappingHandlerMapping - Mapped to org.jan.game.GameController#getAll()
15:02:38 DEBUG o.s.w.s.m.m.a.HttpEntityMethodProcessor - Using 'application/json', given [application/json, text/plain, */*] and supported [application/json, application/*+json]
15:02:38 DEBUG o.s.w.s.m.m.a.HttpEntityMethodProcessor - Writing [[GameDto(id=1, key=TIC_TAC_TOE, icon=❌⭕, nameCs=Piškvorky 3×3, nameEn=Tic-Tac-Toe, taglineCs=Klasick (truncated)...]
15:02:38 DEBUG o.s.web.servlet.DispatcherServlet - Completed 200 OK
15:02:38 DEBUG o.s.web.servlet.DispatcherServlet - GET "/api/events/public", parameters={}
15:02:38 DEBUG o.s.w.s.m.m.a.RequestMappingHandlerMapping - Mapped to org.jan.game.GameEventController#getPublicEvents()
15:02:38 DEBUG o.s.w.s.m.m.a.HttpEntityMethodProcessor - Using 'application/json', given [application/json, text/plain, */*] and supported [application/json, application/*+json]
15:02:38 DEBUG o.s.w.s.m.m.a.HttpEntityMethodProcessor - Writing [[]]
15:02:38 DEBUG o.s.web.servlet.DispatcherServlet - Completed 200 OK
15:03:15 DEBUG o.s.web.servlet.DispatcherServlet - POST "/api/auth/login", parameters={}
15:03:15 DEBUG o.s.w.s.m.m.a.RequestMappingHandlerMapping - Mapped to org.jan.user.AuthController#login(LoginRequest, HttpSession)
15:03:15 DEBUG o.s.w.s.m.m.a.RequestResponseBodyMethodProcessor - Read "application/json;charset=UTF-8" to [LoginRequest(username=admin, password=admin123)]
15:03:15 DEBUG o.s.w.s.m.m.a.HttpEntityMethodProcessor - Using 'application/json', given [application/json, text/plain, */*] and supported [application/json, application/*+json]
15:03:15 DEBUG o.s.w.s.m.m.a.HttpEntityMethodProcessor - Writing [LoginResponse(username=admin, role=ADMIN)]
15:03:15 DEBUG o.s.web.servlet.DispatcherServlet - Completed 200 OK
15:03:15 DEBUG o.s.web.servlet.DispatcherServlet - GET "/ws", parameters={}
15:03:15 DEBUG o.s.w.s.s.s.WebSocketHandlerMapping - Mapped to org.springframework.web.socket.server.support.WebSocketHttpRequestHandler@48a7902f
15:03:15 DEBUG o.s.w.s.s.s.WebSocketHttpRequestHandler - GET /ws
15:03:15 DEBUG o.s.web.servlet.DispatcherServlet - Completed 101 SWITCHING_PROTOCOLS
15:03:15 DEBUG o.s.w.s.h.LoggingWebSocketHandlerDecorator - New StandardWebSocketSession[id=976fec3e-1f33-dcb7-8ce5-92a4a59d18ad, uri=ws://localhost:8080/ws]
15:03:15 DEBUG o.s.web.servlet.DispatcherServlet - GET "/api/games", parameters={}
15:03:15 DEBUG o.s.w.s.m.m.a.RequestMappingHandlerMapping - Mapped to org.jan.game.GameController#getAll()
15:03:15 DEBUG o.s.web.servlet.DispatcherServlet - GET "/api/friends", parameters={}
15:03:15 DEBUG o.s.w.s.m.m.a.RequestMappingHandlerMapping - Mapped to org.jan.friend.FriendController#getFriends(Authentication)
15:03:15 DEBUG o.s.w.s.m.m.a.HttpEntityMethodProcessor - Using 'application/json', given [application/json, text/plain, */*] and supported [application/json, application/*+json]
15:03:15 DEBUG o.s.w.s.m.m.a.HttpEntityMethodProcessor - Using 'application/json', given [application/json, text/plain, */*] and supported [application/json, application/*+json]
15:03:15 DEBUG o.s.w.s.m.m.a.HttpEntityMethodProcessor - Writing [[]]
15:03:15 DEBUG o.s.w.s.m.m.a.HttpEntityMethodProcessor - Writing [[GameDto(id=1, key=TIC_TAC_TOE, icon=❌⭕, nameCs=Piškvorky 3×3, nameEn=Tic-Tac-Toe, taglineCs=Klasick (truncated)...]
15:03:15 DEBUG o.s.web.servlet.DispatcherServlet - Completed 200 OK
15:03:15 DEBUG o.s.web.servlet.DispatcherServlet - Completed 200 OK
15:03:15 DEBUG org.springframework.web.SimpLogging - Processing CONNECT user=admin session=976fec3e-1f33-dcb7-8ce5-92a4a59d18ad
15:03:15 DEBUG o.s.web.servlet.DispatcherServlet - GET "/api/events", parameters={}
15:03:15 DEBUG o.s.w.s.m.m.a.RequestMappingHandlerMapping - Mapped to org.jan.game.GameEventController#getActiveEvents(Authentication)
15:03:15 DEBUG org.springframework.web.SimpLogging - Processing SUBSCRIBE /topic/chat/admin id=sub-0 session=976fec3e-1f33-dcb7-8ce5-92a4a59d18ad
15:03:15 DEBUG org.springframework.web.SimpLogging - Processing SUBSCRIBE /topic/notifications/admin id=sub-1 session=976fec3e-1f33-dcb7-8ce5-92a4a59d18ad
15:03:15 DEBUG o.s.w.s.m.m.a.HttpEntityMethodProcessor - Using 'application/json', given [application/json, text/plain, */*] and supported [application/json, application/*+json]
15:03:15 DEBUG o.s.w.s.m.m.a.HttpEntityMethodProcessor - Writing [[]]
15:03:15 DEBUG o.s.web.servlet.DispatcherServlet - Completed 200 OK
15:03:47 DEBUG o.s.web.servlet.DispatcherServlet - POST "/api/events", parameters={}
15:03:47 DEBUG o.s.w.s.m.m.a.RequestMappingHandlerMapping - Mapped to org.jan.game.GameEventController#createEvent(GameEventCreateRequest, Authentication)
15:03:47 DEBUG o.s.w.s.m.m.a.RequestResponseBodyMethodProcessor - Read "application/json;charset=UTF-8" to [GameEventCreateRequest(latitude=50.04288012668191, longitude=14.400511498662961, gameType=TIC_TAC_TO (truncated)...]
15:03:47 DEBUG o.s.w.s.m.m.a.HttpEntityMethodProcessor - Using 'application/json', given [application/json, text/plain, */*] and supported [application/json, application/*+json]
15:03:47 DEBUG o.s.w.s.m.m.a.HttpEntityMethodProcessor - Writing [GameEventDto(id=1, creatorUsername=admin, latitude=50.04288012668191, longitude=14.400511498662961,  (truncated)...]
15:03:47 DEBUG o.s.web.servlet.DispatcherServlet - Completed 200 OK
15:04:02 DEBUG o.s.web.servlet.DispatcherServlet - POST "/api/events", parameters={}
15:04:02 DEBUG o.s.w.s.m.m.a.RequestMappingHandlerMapping - Mapped to org.jan.game.GameEventController#createEvent(GameEventCreateRequest, Authentication)
15:04:02 DEBUG o.s.w.s.m.m.a.RequestResponseBodyMethodProcessor - Read "application/json;charset=UTF-8" to [GameEventCreateRequest(latitude=50.046693509438164, longitude=14.4235315606256, gameType=TABLE_FOOTB (truncated)...]
15:04:02 DEBUG o.s.w.s.m.m.a.HttpEntityMethodProcessor - Using 'application/json', given [application/json, text/plain, */*] and supported [application/json, application/*+json]
15:04:02 DEBUG o.s.w.s.m.m.a.HttpEntityMethodProcessor - Writing [GameEventDto(id=2, creatorUsername=admin, latitude=50.046693509438164, longitude=14.4235315606256, g (truncated)...]
15:04:02 DEBUG o.s.web.servlet.DispatcherServlet - Completed 200 OK
15:04:28 DEBUG org.springframework.web.SimpLogging - Processing DISCONNECT receipt=close-2 session=976fec3e-1f33-dcb7-8ce5-92a4a59d18ad
15:04:28 DEBUG o.s.web.servlet.DispatcherServlet - POST "/api/auth/logout", parameters={}
15:04:28 DEBUG o.s.w.s.m.m.a.RequestMappingHandlerMapping - Mapped to org.jan.user.AuthController#logout(HttpSession)
15:04:28 DEBUG o.s.w.s.h.LoggingWebSocketHandlerDecorator - StandardWebSocketSession[id=976fec3e-1f33-dcb7-8ce5-92a4a59d18ad, uri=ws://localhost:8080/ws] closed with CloseStatus[code=1008, reason=This connection was established under an authenticated HTTP session that has ended.]
15:04:28 DEBUG o.s.w.s.m.SubProtocolWebSocketHandler - Clearing session 976fec3e-1f33-dcb7-8ce5-92a4a59d18ad
15:04:28 DEBUG org.springframework.web.SimpLogging - Processing DISCONNECT session=976fec3e-1f33-dcb7-8ce5-92a4a59d18ad
15:04:28 DEBUG o.s.w.s.m.SubProtocolWebSocketHandler - No session for GenericMessage [payload=byte[0], headers={simpMessageType=DISCONNECT_ACK, simpDisconnectMessage=GenericMessage [payload=byte[0], headers={simpMessageType=DISCONNECT, stompCommand=DISCONNECT, simpSessionAttributes={sessionUsername=admin, org.springframework.messaging.simp.SimpAttributes.COMPLETED=true}, simpUser=org.jan.config.WebSocketConfig$1$$Lambda/0x000002c6d5c72ff0@3faadcbf, simpSessionId=976fec3e-1f33-dcb7-8ce5-92a4a59d18ad}], simpUser=org.jan.config.WebSocketConfig$1$$Lambda/0x000002c6d5c72ff0@3faadcbf, simpSessionId=976fec3e-1f33-dcb7-8ce5-92a4a59d18ad}]
15:04:28 DEBUG o.s.w.s.m.m.a.HttpEntityMethodProcessor - Using 'application/json', given [application/json, text/plain, */*] and supported [text/plain, */*, application/json, application/*+json]
15:04:28 DEBUG o.s.w.s.m.m.a.HttpEntityMethodProcessor - Writing ["Logged out"]
15:04:28 DEBUG o.s.web.servlet.DispatcherServlet - Completed 200 OK
15:04:28 DEBUG o.s.web.servlet.DispatcherServlet - GET "/api/games", parameters={}
15:04:28 DEBUG o.s.w.s.m.m.a.RequestMappingHandlerMapping - Mapped to org.jan.game.GameController#getAll()
15:04:28 DEBUG o.s.w.s.m.m.a.HttpEntityMethodProcessor - Using 'application/json', given [application/json, text/plain, */*] and supported [application/json, application/*+json]
15:04:28 DEBUG o.s.w.s.m.m.a.HttpEntityMethodProcessor - Writing [[GameDto(id=1, key=TIC_TAC_TOE, icon=❌⭕, nameCs=Piškvorky 3×3, nameEn=Tic-Tac-Toe, taglineCs=Klasick (truncated)...]
15:04:28 DEBUG o.s.web.servlet.DispatcherServlet - Completed 200 OK
15:04:33 DEBUG o.s.web.servlet.DispatcherServlet - GET "/api/games", parameters={}
15:04:33 DEBUG o.s.w.s.m.m.a.RequestMappingHandlerMapping - Mapped to org.jan.game.GameController#getAll()
15:04:33 DEBUG o.s.w.s.m.m.a.HttpEntityMethodProcessor - Using 'application/json', given [application/json, text/plain, */*] and supported [application/json, application/*+json]
15:04:33 DEBUG o.s.w.s.m.m.a.HttpEntityMethodProcessor - Writing [[GameDto(id=1, key=TIC_TAC_TOE, icon=❌⭕, nameCs=Piškvorky 3×3, nameEn=Tic-Tac-Toe, taglineCs=Klasick (truncated)...]
15:04:33 DEBUG o.s.web.servlet.DispatcherServlet - Completed 200 OK
15:04:33 DEBUG o.s.web.servlet.DispatcherServlet - GET "/api/events/public", parameters={}
15:04:33 DEBUG o.s.w.s.m.m.a.RequestMappingHandlerMapping - Mapped to org.jan.game.GameEventController#getPublicEvents()
15:04:33 DEBUG o.s.w.s.m.m.a.HttpEntityMethodProcessor - Using 'application/json', given [application/json, text/plain, */*] and supported [application/json, application/*+json]
15:04:33 DEBUG o.s.w.s.m.m.a.HttpEntityMethodProcessor - Writing [[PublicEventDto[id=1, latitude=50.04288012668191, longitude=14.400511498662961, gameType=TIC_TAC_TOE (truncated)...]
15:04:33 DEBUG o.s.web.servlet.DispatcherServlet - Completed 200 OK
15:05:06 DEBUG o.s.web.servlet.DispatcherServlet - POST "/api/auth/login", parameters={}
15:05:06 DEBUG o.s.w.s.m.m.a.RequestMappingHandlerMapping - Mapped to org.jan.user.AuthController#login(LoginRequest, HttpSession)
15:05:06 DEBUG o.s.w.s.m.m.a.RequestResponseBodyMethodProcessor - Read "application/json;charset=UTF-8" to [LoginRequest(username=admin, password=admin123)]
15:05:06 DEBUG o.s.w.s.m.m.a.HttpEntityMethodProcessor - Using 'application/json', given [application/json, text/plain, */*] and supported [application/json, application/*+json]
15:05:06 DEBUG o.s.w.s.m.m.a.HttpEntityMethodProcessor - Writing [LoginResponse(username=admin, role=ADMIN)]
15:05:06 DEBUG o.s.web.servlet.DispatcherServlet - Completed 200 OK
15:05:06 DEBUG o.s.web.servlet.DispatcherServlet - GET "/ws", parameters={}
15:05:06 DEBUG o.s.w.s.s.s.WebSocketHandlerMapping - Mapped to org.springframework.web.socket.server.support.WebSocketHttpRequestHandler@48a7902f
15:05:06 DEBUG o.s.w.s.s.s.WebSocketHttpRequestHandler - GET /ws
15:05:06 DEBUG o.s.web.servlet.DispatcherServlet - GET "/api/games", parameters={}
15:05:06 DEBUG o.s.web.servlet.DispatcherServlet - Completed 101 SWITCHING_PROTOCOLS
15:05:06 DEBUG o.s.w.s.m.m.a.RequestMappingHandlerMapping - Mapped to org.jan.game.GameController#getAll()
15:05:06 DEBUG o.s.web.servlet.DispatcherServlet - GET "/api/friends", parameters={}
15:05:06 DEBUG o.s.w.s.m.m.a.RequestMappingHandlerMapping - Mapped to org.jan.friend.FriendController#getFriends(Authentication)
15:05:06 DEBUG o.s.w.s.h.LoggingWebSocketHandlerDecorator - New StandardWebSocketSession[id=539ef333-9f5b-2ec1-50d5-c31e4868e5b0, uri=ws://localhost:8080/ws]
15:05:06 DEBUG o.s.w.s.m.m.a.HttpEntityMethodProcessor - Using 'application/json', given [application/json, text/plain, */*] and supported [application/json, application/*+json]
15:05:06 DEBUG o.s.w.s.m.m.a.HttpEntityMethodProcessor - Using 'application/json', given [application/json, text/plain, */*] and supported [application/json, application/*+json]
15:05:06 DEBUG o.s.w.s.m.m.a.HttpEntityMethodProcessor - Writing [[GameDto(id=1, key=TIC_TAC_TOE, icon=❌⭕, nameCs=Piškvorky 3×3, nameEn=Tic-Tac-Toe, taglineCs=Klasick (truncated)...]
15:05:06 DEBUG o.s.w.s.m.m.a.HttpEntityMethodProcessor - Writing [[]]
15:05:06 DEBUG o.s.web.servlet.DispatcherServlet - Completed 200 OK
15:05:06 DEBUG o.s.web.servlet.DispatcherServlet - Completed 200 OK
15:05:06 DEBUG org.springframework.web.SimpLogging - Processing CONNECT user=admin session=539ef333-9f5b-2ec1-50d5-c31e4868e5b0
15:05:06 DEBUG o.s.web.servlet.DispatcherServlet - GET "/api/events", parameters={}
15:05:06 DEBUG o.s.w.s.m.m.a.RequestMappingHandlerMapping - Mapped to org.jan.game.GameEventController#getActiveEvents(Authentication)
15:05:06 DEBUG org.springframework.web.SimpLogging - Processing SUBSCRIBE /topic/chat/admin id=sub-0 session=539ef333-9f5b-2ec1-50d5-c31e4868e5b0
15:05:06 DEBUG org.springframework.web.SimpLogging - Processing SUBSCRIBE /topic/notifications/admin id=sub-1 session=539ef333-9f5b-2ec1-50d5-c31e4868e5b0
15:05:06 DEBUG o.s.w.s.m.m.a.HttpEntityMethodProcessor - Using 'application/json', given [application/json, text/plain, */*] and supported [application/json, application/*+json]
15:05:06 DEBUG o.s.w.s.m.m.a.HttpEntityMethodProcessor - Writing [[GameEventDto(id=1, creatorUsername=admin, latitude=50.04288012668191, longitude=14.400511498662961, (truncated)...]
15:05:06 DEBUG o.s.web.servlet.DispatcherServlet - Completed 200 OK
15:05:14 DEBUG o.s.web.servlet.DispatcherServlet - GET "/api/leaderboard", parameters={}
15:05:14 DEBUG o.s.w.s.m.m.a.RequestMappingHandlerMapping - Mapped to org.jan.game.GameEventController#getLeaderboard()
15:05:14 DEBUG o.s.w.s.m.m.a.HttpEntityMethodProcessor - Using 'application/json', given [application/json, text/plain, */*] and supported [application/json, application/*+json]
15:05:14 DEBUG o.s.w.s.m.m.a.HttpEntityMethodProcessor - Writing [[LeaderboardEntryDto[username=test, wins=0, losses=0, draws=0, disputes=0]]]
15:05:14 DEBUG o.s.web.servlet.DispatcherServlet - Completed 200 OK
15:05:18 DEBUG o.s.web.servlet.DispatcherServlet - GET "/api/friends/requests", parameters={}
15:05:18 DEBUG o.s.web.servlet.DispatcherServlet - GET "/api/friends", parameters={}
15:05:18 DEBUG o.s.w.s.m.m.a.RequestMappingHandlerMapping - Mapped to org.jan.friend.FriendController#getPendingRequests(Authentication)
15:05:18 DEBUG o.s.w.s.m.m.a.RequestMappingHandlerMapping - Mapped to org.jan.friend.FriendController#getFriends(Authentication)
15:05:18 DEBUG o.s.w.s.m.m.a.HttpEntityMethodProcessor - Using 'application/json', given [application/json, text/plain, */*] and supported [application/json, application/*+json]
15:05:18 DEBUG o.s.w.s.m.m.a.HttpEntityMethodProcessor - Writing [[]]
15:05:18 DEBUG o.s.w.s.m.m.a.HttpEntityMethodProcessor - Using 'application/json', given [application/json, text/plain, */*] and supported [application/json, application/*+json]
15:05:18 DEBUG o.s.w.s.m.m.a.HttpEntityMethodProcessor - Writing [[]]
15:05:18 DEBUG o.s.web.servlet.DispatcherServlet - Completed 200 OK
15:05:18 DEBUG o.s.web.servlet.DispatcherServlet - Completed 200 OK
15:05:19 DEBUG o.s.web.servlet.DispatcherServlet - GET "/api/games", parameters={}
15:05:19 DEBUG o.s.w.s.m.m.a.RequestMappingHandlerMapping - Mapped to org.jan.game.GameController#getAll()
15:05:19 DEBUG o.s.w.s.m.m.a.HttpEntityMethodProcessor - Using 'application/json', given [application/json, text/plain, */*] and supported [application/json, application/*+json]
15:05:19 DEBUG o.s.w.s.m.m.a.HttpEntityMethodProcessor - Writing [[GameDto(id=1, key=TIC_TAC_TOE, icon=❌⭕, nameCs=Piškvorky 3×3, nameEn=Tic-Tac-Toe, taglineCs=Klasick (truncated)...]
15:05:19 DEBUG o.s.web.servlet.DispatcherServlet - Completed 200 OK
15:05:23 DEBUG o.s.web.servlet.DispatcherServlet - GET "/api/friends", parameters={}
15:05:23 DEBUG o.s.web.servlet.DispatcherServlet - GET "/api/friends/requests", parameters={}
15:05:23 DEBUG o.s.w.s.m.m.a.RequestMappingHandlerMapping - Mapped to org.jan.friend.FriendController#getFriends(Authentication)
15:05:23 DEBUG o.s.w.s.m.m.a.RequestMappingHandlerMapping - Mapped to org.jan.friend.FriendController#getPendingRequests(Authentication)
15:05:23 DEBUG o.s.w.s.m.m.a.HttpEntityMethodProcessor - Using 'application/json', given [application/json, text/plain, */*] and supported [application/json, application/*+json]
15:05:23 DEBUG o.s.w.s.m.m.a.HttpEntityMethodProcessor - Using 'application/json', given [application/json, text/plain, */*] and supported [application/json, application/*+json]
15:05:23 DEBUG o.s.w.s.m.m.a.HttpEntityMethodProcessor - Writing [[]]
15:05:23 DEBUG o.s.w.s.m.m.a.HttpEntityMethodProcessor - Writing [[]]
15:05:23 DEBUG o.s.web.servlet.DispatcherServlet - Completed 200 OK
15:05:23 DEBUG o.s.web.servlet.DispatcherServlet - Completed 200 OK
15:05:24 DEBUG o.s.web.servlet.DispatcherServlet - GET "/api/games", parameters={}
15:05:24 DEBUG o.s.w.s.m.m.a.RequestMappingHandlerMapping - Mapped to org.jan.game.GameController#getAll()
15:05:24 DEBUG o.s.w.s.m.m.a.HttpEntityMethodProcessor - Using 'application/json', given [application/json, text/plain, */*] and supported [application/json, application/*+json]
15:05:24 DEBUG o.s.w.s.m.m.a.HttpEntityMethodProcessor - Writing [[GameDto(id=1, key=TIC_TAC_TOE, icon=❌⭕, nameCs=Piškvorky 3×3, nameEn=Tic-Tac-Toe, taglineCs=Klasick (truncated)...]
15:05:24 DEBUG o.s.web.servlet.DispatcherServlet - Completed 200 OK
15:05:45 DEBUG o.s.web.servlet.DispatcherServlet - GET "/api/leaderboard", parameters={}
15:05:45 DEBUG o.s.w.s.m.m.a.RequestMappingHandlerMapping - Mapped to org.jan.game.GameEventController#getLeaderboard()
15:05:45 DEBUG o.s.w.s.m.m.a.HttpEntityMethodProcessor - Using 'application/json', given [application/json, text/plain, */*] and supported [application/json, application/*+json]
15:05:45 DEBUG o.s.w.s.m.m.a.HttpEntityMethodProcessor - Writing [[LeaderboardEntryDto[username=test, wins=0, losses=0, draws=0, disputes=0]]]
15:05:45 DEBUG o.s.web.servlet.DispatcherServlet - Completed 200 OK
15:05:46 DEBUG o.s.web.servlet.DispatcherServlet - GET "/api/friends", parameters={}
15:05:46 DEBUG o.s.w.s.m.m.a.RequestMappingHandlerMapping - Mapped to org.jan.friend.FriendController#getFriends(Authentication)
15:05:46 DEBUG o.s.web.servlet.DispatcherServlet - GET "/api/friends/requests", parameters={}
15:05:46 DEBUG o.s.w.s.m.m.a.RequestMappingHandlerMapping - Mapped to org.jan.friend.FriendController#getPendingRequests(Authentication)
15:05:46 DEBUG o.s.w.s.m.m.a.HttpEntityMethodProcessor - Using 'application/json', given [application/json, text/plain, */*] and supported [application/json, application/*+json]
15:05:46 DEBUG o.s.w.s.m.m.a.HttpEntityMethodProcessor - Using 'application/json', given [application/json, text/plain, */*] and supported [application/json, application/*+json]
15:05:46 DEBUG o.s.w.s.m.m.a.HttpEntityMethodProcessor - Writing [[]]
15:05:46 DEBUG o.s.w.s.m.m.a.HttpEntityMethodProcessor - Writing [[]]
15:05:46 DEBUG o.s.web.servlet.DispatcherServlet - Completed 200 OK
15:05:46 DEBUG o.s.web.servlet.DispatcherServlet - Completed 200 OK
15:05:46 DEBUG o.s.web.servlet.DispatcherServlet - GET "/api/games", parameters={}
15:05:46 DEBUG o.s.w.s.m.m.a.RequestMappingHandlerMapping - Mapped to org.jan.game.GameController#getAll()
15:05:46 DEBUG o.s.w.s.m.m.a.HttpEntityMethodProcessor - Using 'application/json', given [application/json, text/plain, */*] and supported [application/json, application/*+json]
15:05:46 DEBUG o.s.w.s.m.m.a.HttpEntityMethodProcessor - Writing [[GameDto(id=1, key=TIC_TAC_TOE, icon=❌⭕, nameCs=Piškvorky 3×3, nameEn=Tic-Tac-Toe, taglineCs=Klasick (truncated)...]
15:05:46 DEBUG o.s.web.servlet.DispatcherServlet - Completed 200 OK
15:05:46 DEBUG o.s.web.servlet.DispatcherServlet - GET "/api/events", parameters={}
15:05:46 DEBUG o.s.w.s.m.m.a.RequestMappingHandlerMapping - Mapped to org.jan.game.GameEventController#getActiveEvents(Authentication)
15:05:46 DEBUG o.s.w.s.m.m.a.HttpEntityMethodProcessor - Using 'application/json', given [application/json, text/plain, */*] and supported [application/json, application/*+json]
15:05:46 DEBUG o.s.w.s.m.m.a.HttpEntityMethodProcessor - Writing [[GameEventDto(id=1, creatorUsername=admin, latitude=50.04288012668191, longitude=14.400511498662961, (truncated)...]
15:05:46 DEBUG o.s.web.servlet.DispatcherServlet - Completed 200 OK
15:05:53 DEBUG o.s.web.servlet.DispatcherServlet - GET "/api/leaderboard", parameters={}
15:05:53 DEBUG o.s.w.s.m.m.a.RequestMappingHandlerMapping - Mapped to org.jan.game.GameEventController#getLeaderboard()
15:05:53 DEBUG o.s.w.s.m.m.a.HttpEntityMethodProcessor - Using 'application/json', given [application/json, text/plain, */*] and supported [application/json, application/*+json]
15:05:53 DEBUG o.s.w.s.m.m.a.HttpEntityMethodProcessor - Writing [[LeaderboardEntryDto[username=test, wins=0, losses=0, draws=0, disputes=0]]]
15:05:53 DEBUG o.s.web.servlet.DispatcherServlet - Completed 200 OK
15:11:01 INFO  o.s.w.s.c.WebSocketMessageBrokerStats - WebSocketSession[1 current WS(1)-HttpStream(0)-HttpPoll(0), 8 total, 0 closed abnormally (0 connect failure, 0 send limit, 0 transport error)], stompSubProtocol[processed CONNECT(8)-CONNECTED(8)-DISCONNECT(3)], stompBrokerRelay[null], inboundChannel[pool size = 0, active threads = 0, queued tasks = 0, completed tasks = 102], outboundChannel[pool size = 0, active threads = 0, queued tasks = 0, completed tasks = 18], sockJsScheduler[pool size = 3, active threads = 1, queued tasks = 0, completed tasks = 2]
15:14:38 DEBUG org.springframework.web.SimpLogging - clientOutboundChannel removed SubProtocolWebSocketHandler[StompSubProtocolHandler[v10.stomp, v11.stomp, v12.stomp]]
15:14:38 DEBUG o.s.w.s.a.NativeWebSocketSession - Closing StandardWebSocketSession[id=539ef333-9f5b-2ec1-50d5-c31e4868e5b0, uri=ws://localhost:8080/ws]
15:14:38 DEBUG o.s.w.s.h.LoggingWebSocketHandlerDecorator - StandardWebSocketSession[id=539ef333-9f5b-2ec1-50d5-c31e4868e5b0, uri=ws://localhost:8080/ws] closed with CloseStatus[code=1001, reason=null]
15:14:38 DEBUG o.s.w.s.m.SubProtocolWebSocketHandler - Clearing session 539ef333-9f5b-2ec1-50d5-c31e4868e5b0
15:14:38 DEBUG org.springframework.web.SimpLogging - Detected unsent DISCONNECT message. Processing anyway.
15:14:38 DEBUG org.springframework.web.SimpLogging - Processing DISCONNECT session=539ef333-9f5b-2ec1-50d5-c31e4868e5b0
15:14:38 WARN  o.s.w.s.h.ExceptionWebSocketHandlerDecorator - Unhandled exception after connection closed for ExceptionWebSocketHandlerDecorator [delegate=LoggingWebSocketHandlerDecorator [delegate=SubProtocolWebSocketHandler[StompSubProtocolHandler[v10.stomp, v11.stomp, v12.stomp]]]]
org.springframework.messaging.MessageDeliveryException: Failed to send message to ExecutorSubscribableChannel[clientInboundChannel]
	at org.springframework.messaging.support.AbstractMessageChannel.send(AbstractMessageChannel.java:149)
	at org.springframework.messaging.support.AbstractMessageChannel.send(AbstractMessageChannel.java:125)
	at org.springframework.web.socket.messaging.StompSubProtocolHandler.afterSessionEnded(StompSubProtocolHandler.java:685)
	at org.springframework.web.socket.messaging.SubProtocolWebSocketHandler.clearSession(SubProtocolWebSocketHandler.java:531)
	at org.springframework.web.socket.messaging.SubProtocolWebSocketHandler.afterConnectionClosed(SubProtocolWebSocketHandler.java:400)
	at org.springframework.web.socket.handler.WebSocketHandlerDecorator.afterConnectionClosed(WebSocketHandlerDecorator.java:85)
	at org.springframework.web.socket.handler.LoggingWebSocketHandlerDecorator.afterConnectionClosed(LoggingWebSocketHandlerDecorator.java:72)
	at org.springframework.web.socket.handler.ExceptionWebSocketHandlerDecorator.afterConnectionClosed(ExceptionWebSocketHandlerDecorator.java:78)
	at org.springframework.web.socket.adapter.standard.StandardWebSocketHandlerAdapter.onClose(StandardWebSocketHandlerAdapter.java:144)
	at org.apache.tomcat.websocket.WsSession.fireEndpointOnClose(WsSession.java:662)
	at org.apache.tomcat.websocket.WsSession.doClose(WsSession.java:588)
	at org.apache.tomcat.websocket.WsSession.doClose(WsSession.java:554)
	at org.apache.tomcat.websocket.WsSession.close(WsSession.java:542)
	at org.springframework.web.socket.adapter.standard.StandardWebSocketSession.closeInternal(StandardWebSocketSession.java:235)
	at org.springframework.web.socket.adapter.AbstractWebSocketSession.close(AbstractWebSocketSession.java:144)
	at org.springframework.web.socket.handler.WebSocketSessionDecorator.close(WebSocketSessionDecorator.java:160)
	at org.springframework.web.socket.handler.ConcurrentWebSocketSessionDecorator.close(ConcurrentWebSocketSessionDecorator.java:271)
	at org.springframework.web.socket.messaging.SubProtocolWebSocketHandler.stop(SubProtocolWebSocketHandler.java:289)
	at org.springframework.web.socket.messaging.SubProtocolWebSocketHandler.stop(SubProtocolWebSocketHandler.java:302)
	at org.springframework.context.support.DefaultLifecycleProcessor.doStop(DefaultLifecycleProcessor.java:344)
	at org.springframework.context.support.DefaultLifecycleProcessor$LifecycleGroup.stop(DefaultLifecycleProcessor.java:483)
	at java.base/java.lang.Iterable.forEach(Iterable.java:75)
	at org.springframework.context.support.DefaultLifecycleProcessor.stopBeans(DefaultLifecycleProcessor.java:313)
	at org.springframework.context.support.DefaultLifecycleProcessor.onClose(DefaultLifecycleProcessor.java:214)
	at org.springframework.context.support.AbstractApplicationContext.doClose(AbstractApplicationContext.java:1078)
	at org.springframework.boot.web.servlet.context.ServletWebServerApplicationContext.doClose(ServletWebServerApplicationContext.java:174)
	at org.springframework.context.support.AbstractApplicationContext.close(AbstractApplicationContext.java:1037)
	at org.springframework.boot.SpringApplicationShutdownHook.closeAndWait(SpringApplicationShutdownHook.java:145)
	at java.base/java.lang.Iterable.forEach(Iterable.java:75)
	at org.springframework.boot.SpringApplicationShutdownHook.run(SpringApplicationShutdownHook.java:114)
	at java.base/java.lang.Thread.run(Thread.java:1583)
Caused by: org.springframework.core.task.TaskRejectedException: ExecutorService in shutdown state did not accept task: org.springframework.messaging.support.ExecutorSubscribableChannel$SendTask@be8d39f
	at org.springframework.scheduling.concurrent.ThreadPoolTaskExecutor.execute(ThreadPoolTaskExecutor.java:365)
	at org.springframework.messaging.support.ExecutorSubscribableChannel.sendInternal(ExecutorSubscribableChannel.java:103)
	at org.springframework.messaging.support.AbstractMessageChannel.send(AbstractMessageChannel.java:139)
	... 30 common frames omitted
Caused by: java.util.concurrent.RejectedExecutionException: Task org.springframework.messaging.support.ExecutorSubscribableChannel$SendTask@be8d39f rejected from org.springframework.scheduling.concurrent.ThreadPoolTaskExecutor$1@6bd2dd5d[Terminated, pool size = 0, active threads = 0, queued tasks = 0, completed tasks = 102]
	at java.base/java.util.concurrent.ThreadPoolExecutor$AbortPolicy.rejectedExecution(ThreadPoolExecutor.java:2081)
	at java.base/java.util.concurrent.ThreadPoolExecutor.reject(ThreadPoolExecutor.java:841)
	at java.base/java.util.concurrent.ThreadPoolExecutor.execute(ThreadPoolExecutor.java:1376)
	at org.springframework.scheduling.concurrent.ThreadPoolTaskExecutor$1.execute(ThreadPoolTaskExecutor.java:269)
	at org.springframework.scheduling.concurrent.ThreadPoolTaskExecutor.execute(ThreadPoolTaskExecutor.java:362)
	... 32 common frames omitted
15:14:38 DEBUG org.springframework.web.SimpLogging - clientInboundChannel removed WebSocketAnnotationMethodMessageHandler[prefixes=[/app/]]
15:14:38 INFO  o.s.m.s.b.SimpleBrokerMessageHandler - Stopping...
15:14:38 INFO  o.s.m.s.b.SimpleBrokerMessageHandler - BrokerAvailabilityEvent[available=false, SimpleBrokerMessageHandler [org.springframework.messaging.simp.broker.DefaultSubscriptionRegistry@6af4c74e]]
15:14:38 DEBUG org.springframework.web.SimpLogging - clientInboundChannel removed SimpleBrokerMessageHandler [org.springframework.messaging.simp.broker.DefaultSubscriptionRegistry@6af4c74e]
15:14:38 DEBUG org.springframework.web.SimpLogging - brokerChannel removed SimpleBrokerMessageHandler [org.springframework.messaging.simp.broker.DefaultSubscriptionRegistry@6af4c74e]
15:14:38 INFO  o.s.m.s.b.SimpleBrokerMessageHandler - Stopped.
15:14:38 DEBUG org.springframework.web.SimpLogging - clientInboundChannel removed UserDestinationMessageHandler[DefaultUserDestinationResolver[prefix=/user/]]
15:14:38 DEBUG org.springframework.web.SimpLogging - brokerChannel removed UserDestinationMessageHandler[DefaultUserDestinationResolver[prefix=/user/]]
15:14:38 INFO  o.s.o.j.LocalContainerEntityManagerFactoryBean - Closing JPA EntityManagerFactory for persistence unit 'default'
15:14:38 INFO  com.zaxxer.hikari.HikariDataSource - HikariPool-1 - Shutdown initiated...
15:14:38 INFO  com.zaxxer.hikari.HikariDataSource - HikariPool-1 - Shutdown completed.
